2026-01-12 22:57:13 +0000  Initial pipeline context: <IDEDistributionProcessingPipelineContext: 0xb9b7a7000; archive(resolved)="<IDEArchive: 0xb9b7bc3f0>", distributionTask(resolved)="2", distributionDestination(resolved)="1", distributionMethod(resolved)="<IDEDistributionMethodiOSAdHoc: 0xb91762f90>", team(resolved)="<IDEProvisioningDisambiguatableBasicTeam: 0xb91455100; teamID='5RZ8SQWW5T', teamName='INSTITUTO FEDERAL DE EDUCACAO, CIENCIA E TECNOLOGIA DO PIAUI', teamType='Company', username='vittanutritional@gmail.com', isFreeProvisioningTeam='0'>">
	Chain (16, self inclusive):
	<IDEDistributionProcessingPipelineContext: 0xb9b7a7000; archive = "<IDEArchive: 0xb9b7bc3f0>", distributionMethod="<IDEDistributionMethodiOSAdHoc: 0xb91762f90>", team="<IDEProvisioningDisambiguatableBasicTeam: 0xb91455100; teamID='5RZ8SQWW5T', teamName='INSTITUTO FEDERAL DE EDUCACAO, CIENCIA E TECNOLOGIA DO PIAUI', teamType='Company', username='vittanutritional@gmail.com', isFreeProvisioningTeam='0'>">
	<IDEDistributionProcessingPipelineContext: 0xb9b7a6700; archive = "<IDEArchive: 0xb9b7bc3f0>", distributionMethod="<IDEDistributionMethodiOSAdHoc: 0xb91762f90>", team="<IDEProvisioningDisambiguatableBasicTeam: 0xb91455100; teamID='5RZ8SQWW5T', teamName='INSTITUTO FEDERAL DE EDUCACAO, CIENCIA E TECNOLOGIA DO PIAUI', teamType='Company', username='vittanutritional@gmail.com', isFreeProvisioningTeam='0'>">
	<IDEDistributionContext: 0xb9b39d900; archive = "<IDEArchive: 0xb9b7bc3f0>", distributionMethod="<IDEDistributionMethodiOSAdHoc: 0xb91762f90>", team="<IDEProvisioningDisambiguatableBasicTeam: 0xb91455100; teamID='5RZ8SQWW5T', teamName='INSTITUTO FEDERAL DE EDUCACAO, CIENCIA E TECNOLOGIA DO PIAUI', teamType='Company', username='vittanutritional@gmail.com', isFreeProvisioningTeam='0'>">
	<IDEDistributionContext: 0xb9b312800; archive = "<IDEArchive: 0xb9b7bc3f0>", distributionMethod="<IDEDistributionMethodiOSAdHoc: 0xb91762f90>", team="<IDEProvisioningDisambiguatableBasicTeam: 0xb91455100; teamID='5RZ8SQWW5T', teamName='INSTITUTO FEDERAL DE EDUCACAO, CIENCIA E TECNOLOGIA DO PIAUI', teamType='Company', username='vittanutritional@gmail.com', isFreeProvisioningTeam='0'>">
	<IDEDistributionContext: 0xb9b312300; archive = "<IDEArchive: 0xb9b7bc3f0>", distributionMethod="<IDEDistributionMethodiOSAdHoc: 0xb91762f90>", team="<IDEProvisioningDisambiguatableBasicTeam: 0xb91455100; teamID='5RZ8SQWW5T', teamName='INSTITUTO FEDERAL DE EDUCACAO, CIENCIA E TECNOLOGIA DO PIAUI', teamType='Company', username='vittanutritional@gmail.com', isFreeProvisioningTeam='0'>">
	<IDEDistributionContext: 0xb9b312f80; archive = "<IDEArchive: 0xb9b7bc3f0>", distributionMethod="<IDEDistributionMethodiOSAdHoc: 0xb91762f90>", team="<IDEProvisioningDisambiguatableBasicTeam: 0xb91455100; teamID='5RZ8SQWW5T', teamName='INSTITUTO FEDERAL DE EDUCACAO, CIENCIA E TECNOLOGIA DO PIAUI', teamType='Company', username='vittanutritional@gmail.com', isFreeProvisioningTeam='0'>">
	<IDEDistributionContext: 0xb9b311b80; archive = "<IDEArchive: 0xb9b7bc3f0>", distributionMethod="<IDEDistributionMethodiOSAdHoc: 0xb91762f90>", team="<IDEProvisioningDisambiguatableBasicTeam: 0xb91455100; teamID='5RZ8SQWW5T', teamName='INSTITUTO FEDERAL DE EDUCACAO, CIENCIA E TECNOLOGIA DO PIAUI', teamType='Company', username='vittanutritional@gmail.com', isFreeProvisioningTeam='0'>">
	<IDEDistributionContext: 0xb9b312080; archive = "<IDEArchive: 0xb9b7bc3f0>", distributionMethod="<IDEDistributionMethodiOSAdHoc: 0xb91762f90>", team="<IDEProvisioningDisambiguatableBasicTeam: 0xb91455100; teamID='5RZ8SQWW5T', teamName='INSTITUTO FEDERAL DE EDUCACAO, CIENCIA E TECNOLOGIA DO PIAUI', teamType='Company', username='vittanutritional@gmail.com', isFreeProvisioningTeam='0'>">
	<IDEDistributionContext: 0xb9b311900; archive = "<IDEArchive: 0xb9b7bc3f0>", distributionMethod="<IDEDistributionMethodiOSAdHoc: 0xb91762f90>", team="<IDEProvisioningDisambiguatableBasicTeam: 0xb91455100; teamID='5RZ8SQWW5T', teamName='INSTITUTO FEDERAL DE EDUCACAO, CIENCIA E TECNOLOGIA DO PIAUI', teamType='Company', username='vittanutritional@gmail.com', isFreeProvisioningTeam='0'>">
	<IDEDistributionContext: 0xb9b310000; archive = "<IDEArchive: 0xb9b7bc3f0>", distributionMethod="<IDEDistributionMethodiOSAdHoc: 0xb91762f90>", team="(null)">
	<IDEDistributionContext: 0xb9b312d00; archive = "<IDEArchive: 0xb9b7bc3f0>", distributionMethod="<IDEDistributionMethodiOSAdHoc: 0xb91762f90>", team="(null)">
	<IDEDistributionContext: 0xb9b312580; archive = "<IDEArchive: 0xb9b7bc3f0>", distributionMethod="<IDEDistributionMethodiOSAdHoc: 0xb91762f90>", team="(null)">
	<IDEDistributionContext: 0xb9b312a80; archive = "<IDEArchive: 0xb9b7bc3f0>", distributionMethod="<IDEDistributionMethodiOSAdHoc: 0xb91762f90>", team="(null)">
	<IDEDistributionContext: 0xb9b311400; archive = "<IDEArchive: 0xb9b7bc3f0>", distributionMethod="(null)", team="(null)">
	<IDEDistributionContext: 0xb9a91a580; archive = "<IDEArchive: 0xb9b7bc3f0>", distributionMethod="(null)", team="(null)">
	<IDEDistributionContext: 0xb9a91a300; archive = "<IDEArchive: 0xb9b7bc3f0>", distributionMethod="(null)", team="(null)">
</IDEDistributionProcessingPipelineContext: 0xb9b7a7000>
2026-01-12 22:57:13 +0000  Processing step: IDEDistributionCreateDestRootStep
2026-01-12 22:57:13 +0000  Processing step: IDEDistributionCopyItemStep
2026-01-12 22:57:13 +0000  Running /usr/bin/ditto '-V' '/Users/matusalenalves/Library/Developer/Xcode/Archives/2026-01-12/Vitta 12-01-26, 19.56.xcarchive/Products/Applications/Vitta.app' '/var/folders/81/f1bgcgd10xj7v9_3dd331md00000gn/T/XcodeDistPipeline.~~~DDZOSI/Root/Payload/Vitta.app'
2026-01-12 22:57:13 +0000  >>> Copying /Users/matusalenalves/Library/Developer/Xcode/Archives/2026-01-12/Vitta 12-01-26, 19.56.xcarchive/Products/Applications/Vitta.app 
2026-01-12 22:57:13 +0000  copying file ./_CodeSignature/CodeResources ... 
2026-01-12 22:57:13 +0000  32637 bytes for ./_CodeSignature/CodeResources
2026-01-12 22:57:13 +0000  copying file ./SplashScreen.storyboardc/EXPO-VIEWCONTROLLER-1-view-EXPO-ContainerView.nib ... 
2026-01-12 22:57:13 +0000  2024 bytes for ./SplashScreen.storyboardc/EXPO-VIEWCONTROLLER-1-view-EXPO-ContainerView.nib
2026-01-12 22:57:13 +0000  copying file ./SplashScreen.storyboardc/SplashScreenViewController.nib ... 
2026-01-12 22:57:13 +0000  1004 bytes for ./SplashScreen.storyboardc/SplashScreenViewController.nib
2026-01-12 22:57:13 +0000  copying file ./SplashScreen.storyboardc/Info.plist ... 
2026-01-12 22:57:13 +0000  225 bytes for ./SplashScreen.storyboardc/Info.plist
2026-01-12 22:57:13 +0000  copying file ./ExpoSystemUI_privacy.bundle/PrivacyInfo.xcprivacy ... 
2026-01-12 22:57:13 +0000  607 bytes for ./ExpoSystemUI_privacy.bundle/PrivacyInfo.xcprivacy
2026-01-12 22:57:13 +0000  copying file ./ExpoSystemUI_privacy.bundle/Info.plist ... 
2026-01-12 22:57:13 +0000  787 bytes for ./ExpoSystemUI_privacy.bundle/Info.plist
2026-01-12 22:57:13 +0000  copying file ./AppIcon60x60@2x.png ... 
2026-01-12 22:57:13 +0000  5325 bytes for ./AppIcon60x60@2x.png
2026-01-12 22:57:13 +0000  copying file ./ExpoConstants_privacy.bundle/PrivacyInfo.xcprivacy ... 
2026-01-12 22:57:13 +0000  607 bytes for ./ExpoConstants_privacy.bundle/PrivacyInfo.xcprivacy
2026-01-12 22:57:13 +0000  copying file ./ExpoConstants_privacy.bundle/Info.plist ... 
2026-01-12 22:57:13 +0000  791 bytes for ./ExpoConstants_privacy.bundle/Info.plist
2026-01-12 22:57:13 +0000  copying file ./React-cxxreact_privacy.bundle/PrivacyInfo.xcprivacy ... 
2026-01-12 22:57:13 +0000  552 bytes for ./React-cxxreact_privacy.bundle/PrivacyInfo.xcprivacy
2026-01-12 22:57:13 +0000  copying file ./React-cxxreact_privacy.bundle/Info.plist ... 
2026-01-12 22:57:13 +0000  792 bytes for ./React-cxxreact_privacy.bundle/Info.plist
2026-01-12 22:57:13 +0000  copying file ./ExpoApplication_privacy.bundle/PrivacyInfo.xcprivacy ... 
2026-01-12 22:57:13 +0000  608 bytes for ./ExpoApplication_privacy.bundle/PrivacyInfo.xcprivacy
2026-01-12 22:57:13 +0000  copying file ./ExpoApplication_privacy.bundle/Info.plist ... 
2026-01-12 22:57:13 +0000  793 bytes for ./ExpoApplication_privacy.bundle/Info.plist
2026-01-12 22:57:13 +0000  copying file ./Assets.car ... 
2026-01-12 22:57:13 +0000  109464 bytes for ./Assets.car
2026-01-12 22:57:13 +0000  copying file ./Vitta ... 
2026-01-12 22:57:13 +0000  6053216 bytes for ./Vitta
2026-01-12 22:57:13 +0000  copying file ./AppIcon76x76@2x~ipad.png ... 
6718 bytes for ./AppIcon76x76@2x~ipad.png
copying file ./main.jsbundle ... 
2026-01-12 22:57:13 +0000  6428398 bytes for ./main.jsbundle
2026-01-12 22:57:13 +0000  copying file ./EXConstants.bundle/app.config ... 
2458 bytes for ./EXConstants.bundle/app.config
copying file ./EXConstants.bundle/Info.plist ... 
769 bytes for ./EXConstants.bundle/Info.plist
copying file ./SDWebImage.bundle/PrivacyInfo.xcprivacy ... 
2026-01-12 22:57:13 +0000  599 bytes for ./SDWebImage.bundle/PrivacyInfo.xcprivacy
2026-01-12 22:57:13 +0000  copying file ./SDWebImage.bundle/Info.plist ... 
2026-01-12 22:57:13 +0000  765 bytes for ./SDWebImage.bundle/Info.plist
2026-01-12 22:57:13 +0000  copying file ./ExpoDevice_privacy.bundle/PrivacyInfo.xcprivacy ... 
2026-01-12 22:57:13 +0000  609 bytes for ./ExpoDevice_privacy.bundle/PrivacyInfo.xcprivacy
2026-01-12 22:57:13 +0000  copying file ./ExpoDevice_privacy.bundle/Info.plist ... 
2026-01-12 22:57:13 +0000  784 bytes for ./ExpoDevice_privacy.bundle/Info.plist
2026-01-12 22:57:13 +0000  copying file ./PrivacyInfo.xcprivacy ... 
2026-01-12 22:57:13 +0000  1283 bytes for ./PrivacyInfo.xcprivacy
2026-01-12 22:57:13 +0000  copying file ./ExpoNotifications_privacy.bundle/PrivacyInfo.xcprivacy ... 
2026-01-12 22:57:13 +0000  607 bytes for ./ExpoNotifications_privacy.bundle/PrivacyInfo.xcprivacy
2026-01-12 22:57:13 +0000  copying file ./ExpoNotifications_privacy.bundle/Info.plist ... 
2026-01-12 22:57:13 +0000  799 bytes for ./ExpoNotifications_privacy.bundle/Info.plist
2026-01-12 22:57:13 +0000  copying file ./ExpoFileSystem_privacy.bundle/PrivacyInfo.xcprivacy ... 
2026-01-12 22:57:13 +0000  877 bytes for ./ExpoFileSystem_privacy.bundle/PrivacyInfo.xcprivacy
2026-01-12 22:57:13 +0000  copying file ./ExpoFileSystem_privacy.bundle/Info.plist ... 
2026-01-12 22:57:13 +0000  793 bytes for ./ExpoFileSystem_privacy.bundle/Info.plist
2026-01-12 22:57:13 +0000  copying file ./Frameworks/React.framework/_CodeSignature/CodeResources ... 
2026-01-12 22:57:13 +0000  1798 bytes for ./Frameworks/React.framework/_CodeSignature/CodeResources
2026-01-12 22:57:13 +0000  copying file ./Frameworks/React.framework/React ... 
2026-01-12 22:57:13 +0000  11306608 bytes for ./Frameworks/React.framework/React
2026-01-12 22:57:13 +0000  copying file ./Frameworks/React.framework/Info.plist ... 
749 bytes for ./Frameworks/React.framework/Info.plist
copying file ./Frameworks/ReactNativeDependencies.framework/_CodeSignature/CodeResources ... 
3548 bytes for ./Frameworks/ReactNativeDependencies.framework/_CodeSignature/CodeResources
copying file ./Frameworks/ReactNativeDependencies.framework/ReactNativeDependencies_folly.bundle/PrivacyInfo.xcprivacy ... 
552 bytes for ./Frameworks/ReactNativeDependencies.framework/ReactNativeDependencies_folly.bundle/PrivacyInfo.xcprivacy
copying file ./Frameworks/ReactNativeDependencies.framework/ReactNativeDependencies_folly.bundle/Info.plist ... 
2026-01-12 22:57:13 +0000  690 bytes for ./Frameworks/ReactNativeDependencies.framework/ReactNativeDependencies_folly.bundle/Info.plist
copying file ./Frameworks/ReactNativeDependencies.framework/ReactNativeDependencies ... 
2026-01-12 22:57:13 +0000  1279936 bytes for ./Frameworks/ReactNativeDependencies.framework/ReactNativeDependencies
2026-01-12 22:57:13 +0000  copying file ./Frameworks/ReactNativeDependencies.framework/ReactNativeDependencies_glog.bundle/PrivacyInfo.xcprivacy ... 
2026-01-12 22:57:13 +0000  552 bytes for ./Frameworks/ReactNativeDependencies.framework/ReactNativeDependencies_glog.bundle/PrivacyInfo.xcprivacy
2026-01-12 22:57:13 +0000  copying file ./Frameworks/ReactNativeDependencies.framework/ReactNativeDependencies_glog.bundle/Info.plist ... 
2026-01-12 22:57:13 +0000  688 bytes for ./Frameworks/ReactNativeDependencies.framework/ReactNativeDependencies_glog.bundle/Info.plist
2026-01-12 22:57:13 +0000  copying file ./Frameworks/ReactNativeDependencies.framework/ReactNativeDependencies_boost.bundle/PrivacyInfo.xcprivacy ... 
2026-01-12 22:57:13 +0000  776 bytes for ./Frameworks/ReactNativeDependencies.framework/ReactNativeDependencies_boost.bundle/PrivacyInfo.xcprivacy
2026-01-12 22:57:13 +0000  copying file ./Frameworks/ReactNativeDependencies.framework/ReactNativeDependencies_boost.bundle/Info.plist ... 
2026-01-12 22:57:13 +0000  690 bytes for ./Frameworks/ReactNativeDependencies.framework/ReactNativeDependencies_boost.bundle/Info.plist
2026-01-12 22:57:13 +0000  copying file ./Frameworks/ReactNativeDependencies.framework/Info.plist ... 
2026-01-12 22:57:13 +0000  782 bytes for ./Frameworks/ReactNativeDependencies.framework/Info.plist
2026-01-12 22:57:13 +0000  copying file ./Frameworks/hermes.framework/_CodeSignature/CodeResources ... 
2026-01-12 22:57:13 +0000  1798 bytes for ./Frameworks/hermes.framework/_CodeSignature/CodeResources
2026-01-12 22:57:13 +0000  copying file ./Frameworks/hermes.framework/hermes ... 
2026-01-12 22:57:13 +0000  4728112 bytes for ./Frameworks/hermes.framework/hermes
2026-01-12 22:57:13 +0000  copying file ./Frameworks/hermes.framework/Info.plist ... 
859 bytes for ./Frameworks/hermes.framework/Info.plist
copying file ./embedded.mobileprovision ... 
12794 bytes for ./embedded.mobileprovision
2026-01-12 22:57:13 +0000  copying file ./assets/node_modules/@react-navigation/elements/lib/module/assets/back-icon@3x.png ... 
2026-01-12 22:57:13 +0000  761 bytes for ./assets/node_modules/@react-navigation/elements/lib/module/assets/back-icon@3x.png
2026-01-12 22:57:13 +0000  copying file ./assets/node_modules/@react-navigation/elements/lib/module/assets/back-icon@2x.png ... 
2026-01-12 22:57:13 +0000  405 bytes for ./assets/node_modules/@react-navigation/elements/lib/module/assets/back-icon@2x.png
2026-01-12 22:57:13 +0000  copying file ./assets/node_modules/@react-navigation/elements/lib/module/assets/search-icon@2x.png ... 
2026-01-12 22:57:13 +0000  589 bytes for ./assets/node_modules/@react-navigation/elements/lib/module/assets/search-icon@2x.png
2026-01-12 22:57:13 +0000  copying file ./assets/node_modules/@react-navigation/elements/lib/module/assets/clear-icon@3x.png ... 
2026-01-12 22:57:13 +0000  502 bytes for ./assets/node_modules/@react-navigation/elements/lib/module/assets/clear-icon@3x.png
2026-01-12 22:57:13 +0000  copying file ./assets/node_modules/@react-navigation/elements/lib/module/assets/back-icon.png ... 
2026-01-12 22:57:13 +0000  290 bytes for ./assets/node_modules/@react-navigation/elements/lib/module/assets/back-icon.png
2026-01-12 22:57:13 +0000  copying file ./assets/node_modules/@react-navigation/elements/lib/module/assets/clear-icon@2x.png ... 
2026-01-12 22:57:13 +0000  334 bytes for ./assets/node_modules/@react-navigation/elements/lib/module/assets/clear-icon@2x.png
2026-01-12 22:57:13 +0000  copying file ./assets/node_modules/@react-navigation/elements/lib/module/assets/search-icon@3x.png ... 
2026-01-12 22:57:13 +0000  839 bytes for ./assets/node_modules/@react-navigation/elements/lib/module/assets/search-icon@3x.png
2026-01-12 22:57:13 +0000  copying file ./assets/node_modules/@react-navigation/elements/lib/module/assets/close-icon.png ... 
2026-01-12 22:57:13 +0000  141 bytes for ./assets/node_modules/@react-navigation/elements/lib/module/assets/close-icon.png
2026-01-12 22:57:13 +0000  copying file ./assets/node_modules/@react-navigation/elements/lib/module/assets/back-icon-mask.png ... 
2026-01-12 22:57:13 +0000  653 bytes for ./assets/node_modules/@react-navigation/elements/lib/module/assets/back-icon-mask.png
2026-01-12 22:57:13 +0000  copying file ./assets/node_modules/@react-navigation/elements/lib/module/assets/close-icon@2x.png ... 
2026-01-12 22:57:13 +0000  201 bytes for ./assets/node_modules/@react-navigation/elements/lib/module/assets/close-icon@2x.png
2026-01-12 22:57:13 +0000  copying file ./assets/node_modules/@react-navigation/elements/lib/module/assets/close-icon@3x.png ... 
2026-01-12 22:57:13 +0000  266 bytes for ./assets/node_modules/@react-navigation/elements/lib/module/assets/close-icon@3x.png
2026-01-12 22:57:13 +0000  copying file ./assets/node_modules/@react-navigation/elements/lib/module/assets/clear-icon.png ... 
2026-01-12 22:57:13 +0000  220 bytes for ./assets/node_modules/@react-navigation/elements/lib/module/assets/clear-icon.png
2026-01-12 22:57:13 +0000  copying file ./assets/node_modules/@react-navigation/elements/lib/module/assets/search-icon.png ... 
2026-01-12 22:57:13 +0000  317 bytes for ./assets/node_modules/@react-navigation/elements/lib/module/assets/search-icon.png
2026-01-12 22:57:13 +0000  copying file ./assets/node_modules/@expo/vector-icons/build/vendor/react-native-vector-icons/Fonts/Fontisto.ttf ... 
2026-01-12 22:57:13 +0000  313528 bytes for ./assets/node_modules/@expo/vector-icons/build/vendor/react-native-vector-icons/Fonts/Fontisto.ttf
2026-01-12 22:57:13 +0000  copying file ./assets/node_modules/@expo/vector-icons/build/vendor/react-native-vector-icons/Fonts/Octicons.ttf ... 
2026-01-12 22:57:13 +0000  69436 bytes for ./assets/node_modules/@expo/vector-icons/build/vendor/react-native-vector-icons/Fonts/Octicons.ttf
2026-01-12 22:57:13 +0000  copying file ./assets/node_modules/@expo/vector-icons/build/vendor/react-native-vector-icons/Fonts/Feather.ttf ... 
2026-01-12 22:57:13 +0000  55596 bytes for ./assets/node_modules/@expo/vector-icons/build/vendor/react-native-vector-icons/Fonts/Feather.ttf
2026-01-12 22:57:13 +0000  copying file ./assets/node_modules/@expo/vector-icons/build/vendor/react-native-vector-icons/Fonts/FontAwesome6_Regular.ttf ... 
2026-01-12 22:57:13 +0000  67976 bytes for ./assets/node_modules/@expo/vector-icons/build/vendor/react-native-vector-icons/Fonts/FontAwesome6_Regular.ttf
2026-01-12 22:57:13 +0000  copying file ./assets/node_modules/@expo/vector-icons/build/vendor/react-native-vector-icons/Fonts/Entypo.ttf ... 
2026-01-12 22:57:13 +0000  66200 bytes for ./assets/node_modules/@expo/vector-icons/build/vendor/react-native-vector-icons/Fonts/Entypo.ttf
2026-01-12 22:57:13 +0000  copying file ./assets/node_modules/@expo/vector-icons/build/vendor/react-native-vector-icons/Fonts/FontAwesome5_Brands.ttf ... 
2026-01-12 22:57:13 +0000  134040 bytes for ./assets/node_modules/@expo/vector-icons/build/vendor/react-native-vector-icons/Fonts/FontAwesome5_Brands.ttf
2026-01-12 22:57:13 +0000  copying file ./assets/node_modules/@expo/vector-icons/build/vendor/react-native-vector-icons/Fonts/MaterialCommunityIcons.ttf ... 
2026-01-12 22:57:13 +0000  1307660 bytes for ./assets/node_modules/@expo/vector-icons/build/vendor/react-native-vector-icons/Fonts/MaterialCommunityIcons.ttf
2026-01-12 22:57:13 +0000  copying file ./assets/node_modules/@expo/vector-icons/build/vendor/react-native-vector-icons/Fonts/AntDesign.ttf ... 
2026-01-12 22:57:13 +0000  130484 bytes for ./assets/node_modules/@expo/vector-icons/build/vendor/react-native-vector-icons/Fonts/AntDesign.ttf
2026-01-12 22:57:13 +0000  copying file ./assets/node_modules/@expo/vector-icons/build/vendor/react-native-vector-icons/Fonts/Foundation.ttf ... 
2026-01-12 22:57:13 +0000  56976 bytes for ./assets/node_modules/@expo/vector-icons/build/vendor/react-native-vector-icons/Fonts/Foundation.ttf
2026-01-12 22:57:13 +0000  copying file ./assets/node_modules/@expo/vector-icons/build/vendor/react-native-vector-icons/Fonts/Ionicons.ttf ... 
2026-01-12 22:57:13 +0000  389724 bytes for ./assets/node_modules/@expo/vector-icons/build/vendor/react-native-vector-icons/Fonts/Ionicons.ttf
2026-01-12 22:57:13 +0000  copying file ./assets/node_modules/@expo/vector-icons/build/vendor/react-native-vector-icons/Fonts/FontAwesome5_Solid.ttf ... 
2026-01-12 22:57:13 +0000  202744 bytes for ./assets/node_modules/@expo/vector-icons/build/vendor/react-native-vector-icons/Fonts/FontAwesome5_Solid.ttf
2026-01-12 22:57:13 +0000  copying file ./assets/node_modules/@expo/vector-icons/build/vendor/react-native-vector-icons/Fonts/FontAwesome5_Regular.ttf ... 
2026-01-12 22:57:13 +0000  33736 bytes for ./assets/node_modules/@expo/vector-icons/build/vendor/react-native-vector-icons/Fonts/FontAwesome5_Regular.ttf
2026-01-12 22:57:13 +0000  copying file ./assets/node_modules/@expo/vector-icons/build/vendor/react-native-vector-icons/Fonts/FontAwesome.ttf ... 
2026-01-12 22:57:13 +0000  165548 bytes for ./assets/node_modules/@expo/vector-icons/build/vendor/react-native-vector-icons/Fonts/FontAwesome.ttf
2026-01-12 22:57:13 +0000  copying file ./assets/node_modules/@expo/vector-icons/build/vendor/react-native-vector-icons/Fonts/Zocial.ttf ... 
2026-01-12 22:57:13 +0000  25788 bytes for ./assets/node_modules/@expo/vector-icons/build/vendor/react-native-vector-icons/Fonts/Zocial.ttf
2026-01-12 22:57:13 +0000  copying file ./assets/node_modules/@expo/vector-icons/build/vendor/react-native-vector-icons/Fonts/EvilIcons.ttf ... 
2026-01-12 22:57:13 +0000  13456 bytes for ./assets/node_modules/@expo/vector-icons/build/vendor/react-native-vector-icons/Fonts/EvilIcons.ttf
2026-01-12 22:57:13 +0000  copying file ./assets/node_modules/@expo/vector-icons/build/vendor/react-native-vector-icons/Fonts/FontAwesome6_Solid.ttf ... 
2026-01-12 22:57:13 +0000  423676 bytes for ./assets/node_modules/@expo/vector-icons/build/vendor/react-native-vector-icons/Fonts/FontAwesome6_Solid.ttf
2026-01-12 22:57:13 +0000  copying file ./assets/node_modules/@expo/vector-icons/build/vendor/react-native-vector-icons/Fonts/SimpleLineIcons.ttf ... 
2026-01-12 22:57:13 +0000  54056 bytes for ./assets/node_modules/@expo/vector-icons/build/vendor/react-native-vector-icons/Fonts/SimpleLineIcons.ttf
2026-01-12 22:57:13 +0000  copying file ./assets/node_modules/@expo/vector-icons/build/vendor/react-native-vector-icons/Fonts/FontAwesome6_Brands.ttf ... 
2026-01-12 22:57:13 +0000  209376 bytes for ./assets/node_modules/@expo/vector-icons/build/vendor/react-native-vector-icons/Fonts/FontAwesome6_Brands.ttf
2026-01-12 22:57:13 +0000  copying file ./assets/node_modules/@expo/vector-icons/build/vendor/react-native-vector-icons/Fonts/MaterialIcons.ttf ... 
2026-01-12 22:57:13 +0000  356840 bytes for ./assets/node_modules/@expo/vector-icons/build/vendor/react-native-vector-icons/Fonts/MaterialIcons.ttf
2026-01-12 22:57:13 +0000  copying file ./assets/node_modules/expo-router/assets/pkg.png ... 
2026-01-12 22:57:13 +0000  364 bytes for ./assets/node_modules/expo-router/assets/pkg.png
2026-01-12 22:57:13 +0000  copying file ./assets/node_modules/expo-router/assets/unmatched.png ... 
2026-01-12 22:57:13 +0000  4752 bytes for ./assets/node_modules/expo-router/assets/unmatched.png
2026-01-12 22:57:13 +0000  copying file ./assets/node_modules/expo-router/assets/file.png ... 
2026-01-12 22:57:13 +0000  138 bytes for ./assets/node_modules/expo-router/assets/file.png
2026-01-12 22:57:13 +0000  copying file ./assets/node_modules/expo-router/assets/forward.png ... 
2026-01-12 22:57:13 +0000  188 bytes for ./assets/node_modules/expo-router/assets/forward.png
2026-01-12 22:57:13 +0000  copying file ./assets/node_modules/expo-router/assets/error.png ... 
2026-01-12 22:57:13 +0000  469 bytes for ./assets/node_modules/expo-router/assets/error.png
2026-01-12 22:57:13 +0000  copying file ./assets/node_modules/expo-router/assets/sitemap.png ... 
2026-01-12 22:57:13 +0000  465 bytes for ./assets/node_modules/expo-router/assets/sitemap.png
2026-01-12 22:57:13 +0000  copying file ./assets/node_modules/expo-router/assets/arrow_down.png ... 
2026-01-12 22:57:13 +0000  9456 bytes for ./assets/node_modules/expo-router/assets/arrow_down.png
2026-01-12 22:57:13 +0000  copying file ./assets/node_modules/react-native-calendars/src/calendar/img/previous@2x.png ... 
2026-01-12 22:57:13 +0000  458 bytes for ./assets/node_modules/react-native-calendars/src/calendar/img/previous@2x.png
2026-01-12 22:57:13 +0000  copying file ./assets/node_modules/react-native-calendars/src/calendar/img/next@2x.png ... 
2026-01-12 22:57:13 +0000  462 bytes for ./assets/node_modules/react-native-calendars/src/calendar/img/next@2x.png
2026-01-12 22:57:13 +0000  copying file ./assets/node_modules/react-native-calendars/src/img/down@3x.png ... 
2026-01-12 22:57:13 +0000  508 bytes for ./assets/node_modules/react-native-calendars/src/img/down@3x.png
2026-01-12 22:57:13 +0000  copying file ./assets/node_modules/react-native-calendars/src/img/down@2x.png ... 
2026-01-12 22:57:13 +0000  354 bytes for ./assets/node_modules/react-native-calendars/src/img/down@2x.png
2026-01-12 22:57:13 +0000  copying file ./assets/node_modules/react-native-calendars/src/img/up.png ... 
2026-01-12 22:57:13 +0000  215 bytes for ./assets/node_modules/react-native-calendars/src/img/up.png
2026-01-12 22:57:13 +0000  copying file ./assets/node_modules/react-native-calendars/src/img/down.png ... 
2026-01-12 22:57:13 +0000  208 bytes for ./assets/node_modules/react-native-calendars/src/img/down.png
2026-01-12 22:57:13 +0000  copying file ./assets/node_modules/react-native-calendars/src/img/up@2x.png ... 
2026-01-12 22:57:13 +0000  347 bytes for ./assets/node_modules/react-native-calendars/src/img/up@2x.png
2026-01-12 22:57:13 +0000  copying file ./assets/node_modules/react-native-calendars/src/img/up@3x.png ... 
2026-01-12 22:57:13 +0000  504 bytes for ./assets/node_modules/react-native-calendars/src/img/up@3x.png
2026-01-12 22:57:13 +0000  copying file ./assets/src/view/assets/images/image.png ... 
2026-01-12 22:57:13 +0000  33013 bytes for ./assets/src/view/assets/images/image.png
2026-01-12 22:57:13 +0000  copying file ./assets/src/view/assets/fonts/helveticaneue-medium.ttf ... 
2026-01-12 22:57:13 +0000  254728 bytes for ./assets/src/view/assets/fonts/helveticaneue-medium.ttf
2026-01-12 22:57:13 +0000  copying file ./assets/src/view/assets/fonts/helveticaneue.ttf ... 
2026-01-12 22:57:13 +0000  568856 bytes for ./assets/src/view/assets/fonts/helveticaneue.ttf
2026-01-12 22:57:13 +0000  copying file ./assets/src/view/assets/fonts/helveticaneue-bold.ttf ... 
2026-01-12 22:57:13 +0000  525056 bytes for ./assets/src/view/assets/fonts/helveticaneue-bold.ttf
2026-01-12 22:57:13 +0000  copying file ./Info.plist ... 
2026-01-12 22:57:13 +0000  2266 bytes for ./Info.plist
2026-01-12 22:57:13 +0000  copying file ./Expo.plist ... 
2026-01-12 22:57:13 +0000  132 bytes for ./Expo.plist
2026-01-12 22:57:13 +0000  copying file ./RNCAsyncStorage_resources.bundle/PrivacyInfo.xcprivacy ... 
2026-01-12 22:57:13 +0000  512 bytes for ./RNCAsyncStorage_resources.bundle/PrivacyInfo.xcprivacy
2026-01-12 22:57:13 +0000  copying file ./RNCAsyncStorage_resources.bundle/Info.plist ... 
2026-01-12 22:57:13 +0000  797 bytes for ./RNCAsyncStorage_resources.bundle/Info.plist
2026-01-12 22:57:13 +0000  copying file ./PkgInfo ... 
2026-01-12 22:57:13 +0000  8 bytes for ./PkgInfo
2026-01-12 22:57:13 +0000  copying file ./React-Core_privacy.bundle/PrivacyInfo.xcprivacy ... 
2026-01-12 22:57:13 +0000  768 bytes for ./React-Core_privacy.bundle/PrivacyInfo.xcprivacy
2026-01-12 22:57:13 +0000  copying file ./React-Core_privacy.bundle/Info.plist ... 
2026-01-12 22:57:13 +0000  784 bytes for ./React-Core_privacy.bundle/Info.plist
2026-01-12 22:57:13 +0000  /usr/bin/ditto exited with 0
2026-01-12 22:57:13 +0000  Processing step: IDEDistributionEmbedProfileStep
2026-01-12 22:57:13 +0000  Skipping profile for item: <IDEDistributionItem: 0xb9bc04720; bundleID='react-native.React', path='<DVTFilePath:0xb9bc093e0:'/Users/matusalenalves/Library/Developer/Xcode/Archives/2026-01-12/Vitta 12-01-26, 19.56.xcarchive/Products/Applications/Vitta.app/Frameworks/React.framework'>', codeSigningInfo='<_DVTCodeSigningInformation_Path: 0xb9bc04780; isSigned='1', isAdHocSigned='0', signingCertificate='<DVTSigningCertificate: 0xb66bfd800; name='Apple Distribution: INSTITUTO FEDERAL DE EDUCACAO, CIENCIA E TECNOLOGIA DO PIAUI (5RZ8SQWW5T)', hash='A89458761CB9DA4803C8B968C060582D1712C8A7', serialNumber='5B3D73988BA91FE5B53855583718C71D', certificateKinds='(
    "1.2.840.113635.100.6.1.7",
    "1.2.840.113635.100.6.1.4"
), issueDate='2026-01-12 20:49:29 +0000''>', entitlements='(null)', teamID='5RZ8SQWW5T', identifier='react-native.React', executablePath='<DVTFilePath:0xb9bc096e0:'/Users/matusalenalves/Library/Developer/Xcode/Archives/2026-01-12/Vitta 12-01-26, 19.56.xcarchive/Products/Applications/Vitta.app/Frameworks/React.framework/React'>', hardenedRuntime='0'>'>
2026-01-12 22:57:13 +0000  Skipping profile for item: <IDEDistributionItem: 0xb9bc05020; bundleID='third-party.ReactNativeDependencies', path='<DVTFilePath:0xb6609b900:'/Users/matusalenalves/Library/Developer/Xcode/Archives/2026-01-12/Vitta 12-01-26, 19.56.xcarchive/Products/Applications/Vitta.app/Frameworks/ReactNativeDependencies.framework'>', codeSigningInfo='<_DVTCodeSigningInformation_Path: 0xb9bc05140; isSigned='1', isAdHocSigned='0', signingCertificate='<DVTSigningCertificate: 0xb66bfd800; name='Apple Distribution: INSTITUTO FEDERAL DE EDUCACAO, CIENCIA E TECNOLOGIA DO PIAUI (5RZ8SQWW5T)', hash='A89458761CB9DA4803C8B968C060582D1712C8A7', serialNumber='5B3D73988BA91FE5B53855583718C71D', certificateKinds='(
    "1.2.840.113635.100.6.1.7",
    "1.2.840.113635.100.6.1.4"
), issueDate='2026-01-12 20:49:29 +0000''>', entitlements='(null)', teamID='5RZ8SQWW5T', identifier='third-party.ReactNativeDependencies', executablePath='<DVTFilePath:0xb9b7bdea0:'/Users/matusalenalves/Library/Developer/Xcode/Archives/2026-01-12/Vitta 12-01-26, 19.56.xcarchive/Products/Applications/Vitta.app/Frameworks/ReactNativeDependencies.framework/ReactNativeDependencies'>', hardenedRuntime='0'>'>
2026-01-12 22:57:13 +0000  Skipping profile for item: <IDEDistributionItem: 0xb9bc047e0; bundleID='dev.hermesengine.iphoneos', path='<DVTFilePath:0xb9b7bee60:'/Users/matusalenalves/Library/Developer/Xcode/Archives/2026-01-12/Vitta 12-01-26, 19.56.xcarchive/Products/Applications/Vitta.app/Frameworks/hermes.framework'>', codeSigningInfo='<_DVTCodeSigningInformation_Path: 0xb9bc04840; isSigned='1', isAdHocSigned='0', signingCertificate='<DVTSigningCertificate: 0xb66bfd800; name='Apple Distribution: INSTITUTO FEDERAL DE EDUCACAO, CIENCIA E TECNOLOGIA DO PIAUI (5RZ8SQWW5T)', hash='A89458761CB9DA4803C8B968C060582D1712C8A7', serialNumber='5B3D73988BA91FE5B53855583718C71D', certificateKinds='(
    "1.2.840.113635.100.6.1.7",
    "1.2.840.113635.100.6.1.4"
), issueDate='2026-01-12 20:49:29 +0000''>', entitlements='(null)', teamID='5RZ8SQWW5T', identifier='dev.hermesengine.iphoneos', executablePath='<DVTFilePath:0xb9bc09260:'/Users/matusalenalves/Library/Developer/Xcode/Archives/2026-01-12/Vitta 12-01-26, 19.56.xcarchive/Products/Applications/Vitta.app/Frameworks/hermes.framework/hermes'>', hardenedRuntime='0'>'>
2026-01-12 22:57:13 +0000  Processing step: IDEDistributionInfoPlistStep
2026-01-12 22:57:13 +0000  Skipping step: IDEDistributionInfoPlistStep because it said so
2026-01-12 22:57:13 +0000  Skipping step: IDEDistributionInfoPlistStep because it said so
2026-01-12 22:57:13 +0000  Skipping step: IDEDistributionInfoPlistStep because it said so
2026-01-12 22:57:13 +0000  Skipping step: IDEDistributionInfoPlistStep because it said so
2026-01-12 22:57:13 +0000  Processing step: IDEDistributionAppThinningPlistStep
2026-01-12 22:57:13 +0000  Skipping step: IDEDistributionAppThinningPlistStep because it said so
2026-01-12 22:57:13 +0000  Processing step: IDEDistributionSymbolsStep
2026-01-12 22:57:13 +0000  Skipping step: IDEDistributionSymbolsStep because it said so
2026-01-12 22:57:13 +0000  Processing step: IDEDistributionAppThinningStep
2026-01-12 22:57:13 +0000  Skipping step: IDEDistributionAppThinningStep because it said so
2026-01-12 22:57:13 +0000  Processing step: IDEDistributionArchThinningStep
2026-01-12 22:57:13 +0000  Archs to thin for item /Users/matusalenalves/Library/Developer/Xcode/Archives/2026-01-12/Vitta 12-01-26, 19.56.xcarchive/Products/Applications/Vitta.app/Frameworks/React.framework are []
2026-01-12 22:57:13 +0000  Archs to thin for item /Users/matusalenalves/Library/Developer/Xcode/Archives/2026-01-12/Vitta 12-01-26, 19.56.xcarchive/Products/Applications/Vitta.app/Frameworks/ReactNativeDependencies.framework are []
2026-01-12 22:57:13 +0000  Archs to thin for item /Users/matusalenalves/Library/Developer/Xcode/Archives/2026-01-12/Vitta 12-01-26, 19.56.xcarchive/Products/Applications/Vitta.app/Frameworks/hermes.framework are []
2026-01-12 22:57:13 +0000  Archs to thin for item /Users/matusalenalves/Library/Developer/Xcode/Archives/2026-01-12/Vitta 12-01-26, 19.56.xcarchive/Products/Applications/Vitta.app are []
2026-01-12 22:57:13 +0000  Processing step: IDEDistributionODRStep
2026-01-12 22:57:13 +0000  Processing step: IDEDistributionStripXattrsStep
2026-01-12 22:57:13 +0000  Skipping stripping extended attributes because the codesign step will strip them.
2026-01-12 22:57:13 +0000  Skipping stripping extended attributes because the codesign step will strip them.
2026-01-12 22:57:13 +0000  Skipping stripping extended attributes because the codesign step will strip them.
2026-01-12 22:57:13 +0000  Skipping stripping extended attributes because the codesign step will strip them.
2026-01-12 22:57:13 +0000  Processing step: IDEDistributionCodesignStep
2026-01-12 22:57:13 +0000  Entitlements for <IDEDistributionItem: 0xb9bc04720; bundleID='react-native.React', path='<DVTFilePath:0xb9bc093e0:'/Users/matusalenalves/Library/Developer/Xcode/Archives/2026-01-12/Vitta 12-01-26, 19.56.xcarchive/Products/Applications/Vitta.app/Frameworks/React.framework'>', codeSigningInfo='<_DVTCodeSigningInformation_Path: 0xb9bc04780; isSigned='1', isAdHocSigned='0', signingCertificate='<DVTSigningCertificate: 0xb66bfd800; name='Apple Distribution: INSTITUTO FEDERAL DE EDUCACAO, CIENCIA E TECNOLOGIA DO PIAUI (5RZ8SQWW5T)', hash='A89458761CB9DA4803C8B968C060582D1712C8A7', serialNumber='5B3D73988BA91FE5B53855583718C71D', certificateKinds='(
    "1.2.840.113635.100.6.1.7",
    "1.2.840.113635.100.6.1.4"
), issueDate='2026-01-12 20:49:29 +0000''>', entitlements='(null)', teamID='5RZ8SQWW5T', identifier='react-native.React', executablePath='<DVTFilePath:0xb9bc096e0:'/Users/matusalenalves/Library/Developer/Xcode/Archives/2026-01-12/Vitta 12-01-26, 19.56.xcarchive/Products/Applications/Vitta.app/Frameworks/React.framework/React'>', hardenedRuntime='0'>'>: {
}
2026-01-12 22:57:13 +0000  Associated App Clip Identifiers Filter: Skipping because "com.apple.developer.associated-appclip-app-identifiers" is not present
2026-01-12 22:57:13 +0000  Entitlements for <IDEDistributionItem: 0xb9bc04720; bundleID='react-native.React', path='<DVTFilePath:0xb9bc093e0:'/Users/matusalenalves/Library/Developer/Xcode/Archives/2026-01-12/Vitta 12-01-26, 19.56.xcarchive/Products/Applications/Vitta.app/Frameworks/React.framework'>', codeSigningInfo='<_DVTCodeSigningInformation_Path: 0xb9bc04780; isSigned='1', isAdHocSigned='0', signingCertificate='<DVTSigningCertificate: 0xb66a82640; name='Apple Distribution: INSTITUTO FEDERAL DE EDUCACAO, CIENCIA E TECNOLOGIA DO PIAUI (5RZ8SQWW5T)', hash='A89458761CB9DA4803C8B968C060582D1712C8A7', serialNumber='5B3D73988BA91FE5B53855583718C71D', certificateKinds='(
    "1.2.840.113635.100.6.1.7",
    "1.2.840.113635.100.6.1.4"
), issueDate='2026-01-12 20:49:29 +0000''>', entitlements='(null)', teamID='5RZ8SQWW5T', identifier='react-native.React', executablePath='<DVTFilePath:0xb9bc096e0:'/Users/matusalenalves/Library/Developer/Xcode/Archives/2026-01-12/Vitta 12-01-26, 19.56.xcarchive/Products/Applications/Vitta.app/Frameworks/React.framework/React'>', hardenedRuntime='0'>'> are: {
}
2026-01-12 22:57:13 +0000  Writing entitlements for <IDEDistributionItem: 0xb9bc04720; bundleID='react-native.React', path='<DVTFilePath:0xb9bc093e0:'/Users/matusalenalves/Library/Developer/Xcode/Archives/2026-01-12/Vitta 12-01-26, 19.56.xcarchive/Products/Applications/Vitta.app/Frameworks/React.framework'>', codeSigningInfo='<_DVTCodeSigningInformation_Path: 0xb9bc04780; isSigned='1', isAdHocSigned='0', signingCertificate='<DVTSigningCertificate: 0xb66a82640; name='Apple Distribution: INSTITUTO FEDERAL DE EDUCACAO, CIENCIA E TECNOLOGIA DO PIAUI (5RZ8SQWW5T)', hash='A89458761CB9DA4803C8B968C060582D1712C8A7', serialNumber='5B3D73988BA91FE5B53855583718C71D', certificateKinds='(
    "1.2.840.113635.100.6.1.7",
    "1.2.840.113635.100.6.1.4"
), issueDate='2026-01-12 20:49:29 +0000''>', entitlements='(null)', teamID='5RZ8SQWW5T', identifier='react-native.React', executablePath='<DVTFilePath:0xb9bc096e0:'/Users/matusalenalves/Library/Developer/Xcode/Archives/2026-01-12/Vitta 12-01-26, 19.56.xcarchive/Products/Applications/Vitta.app/Frameworks/React.framework/React'>', hardenedRuntime='0'>'> to: /var/folders/81/f1bgcgd10xj7v9_3dd331md00000gn/T/XcodeDistPipeline.~~~DDZOSI/entitlements~~~X1qTGZ
2026-01-12 22:57:13 +0000  invoking codesign: <NSConcreteTask: 0xb9b7918b0; launchPath='/usr/bin/codesign', arguments='(
    "-f",
    "-s",
    A89458761CB9DA4803C8B968C060582D1712C8A7,
    "--entitlements",
    "/var/folders/81/f1bgcgd10xj7v9_3dd331md00000gn/T/XcodeDistPipeline.~~~DDZOSI/entitlements~~~X1qTGZ",
    "--preserve-metadata=identifier,flags,runtime,launch-constraints,library-constraints",
    "--generate-entitlement-der",
    "--strip-disallowed-xattrs",
    "-vvv",
    "/var/folders/81/f1bgcgd10xj7v9_3dd331md00000gn/T/XcodeDistPipeline.~~~DDZOSI/Root/Payload/Vitta.app/Frameworks/React.framework"
)'>
2026-01-12 22:57:14 +0000  codesign output: /var/folders/81/f1bgcgd10xj7v9_3dd331md00000gn/T/XcodeDistPipeline.~~~DDZOSI/Root/Payload/Vitta.app/Frameworks/React.framework: replacing existing signature
/var/folders/81/f1bgcgd10xj7v9_3dd331md00000gn/T/XcodeDistPipeline.~~~DDZOSI/Root/Payload/Vitta.app/Frameworks/React.framework: signed bundle with Mach-O thin (arm64) [react-native.React]
2026-01-12 22:57:14 +0000  Entitlements for <IDEDistributionItem: 0xb9bc05020; bundleID='third-party.ReactNativeDependencies', path='<DVTFilePath:0xb6609b900:'/Users/matusalenalves/Library/Developer/Xcode/Archives/2026-01-12/Vitta 12-01-26, 19.56.xcarchive/Products/Applications/Vitta.app/Frameworks/ReactNativeDependencies.framework'>', codeSigningInfo='<_DVTCodeSigningInformation_Path: 0xb9bc05140; isSigned='1', isAdHocSigned='0', signingCertificate='<DVTSigningCertificate: 0xb66a82640; name='Apple Distribution: INSTITUTO FEDERAL DE EDUCACAO, CIENCIA E TECNOLOGIA DO PIAUI (5RZ8SQWW5T)', hash='A89458761CB9DA4803C8B968C060582D1712C8A7', serialNumber='5B3D73988BA91FE5B53855583718C71D', certificateKinds='(
    "1.2.840.113635.100.6.1.7",
    "1.2.840.113635.100.6.1.4"
), issueDate='2026-01-12 20:49:29 +0000''>', entitlements='(null)', teamID='5RZ8SQWW5T', identifier='third-party.ReactNativeDependencies', executablePath='<DVTFilePath:0xb9b7bdea0:'/Users/matusalenalves/Library/Developer/Xcode/Archives/2026-01-12/Vitta 12-01-26, 19.56.xcarchive/Products/Applications/Vitta.app/Frameworks/ReactNativeDependencies.framework/ReactNativeDependencies'>', hardenedRuntime='0'>'>: {
}
2026-01-12 22:57:14 +0000  Associated App Clip Identifiers Filter: Skipping because "com.apple.developer.associated-appclip-app-identifiers" is not present
2026-01-12 22:57:14 +0000  Entitlements for <IDEDistributionItem: 0xb9bc05020; bundleID='third-party.ReactNativeDependencies', path='<DVTFilePath:0xb6609b900:'/Users/matusalenalves/Library/Developer/Xcode/Archives/2026-01-12/Vitta 12-01-26, 19.56.xcarchive/Products/Applications/Vitta.app/Frameworks/ReactNativeDependencies.framework'>', codeSigningInfo='<_DVTCodeSigningInformation_Path: 0xb9bc05140; isSigned='1', isAdHocSigned='0', signingCertificate='<DVTSigningCertificate: 0xb66bfd800; name='Apple Distribution: INSTITUTO FEDERAL DE EDUCACAO, CIENCIA E TECNOLOGIA DO PIAUI (5RZ8SQWW5T)', hash='A89458761CB9DA4803C8B968C060582D1712C8A7', serialNumber='5B3D73988BA91FE5B53855583718C71D', certificateKinds='(
    "1.2.840.113635.100.6.1.7",
    "1.2.840.113635.100.6.1.4"
), issueDate='2026-01-12 20:49:29 +0000''>', entitlements='(null)', teamID='5RZ8SQWW5T', identifier='third-party.ReactNativeDependencies', executablePath='<DVTFilePath:0xb9b7bdea0:'/Users/matusalenalves/Library/Developer/Xcode/Archives/2026-01-12/Vitta 12-01-26, 19.56.xcarchive/Products/Applications/Vitta.app/Frameworks/ReactNativeDependencies.framework/ReactNativeDependencies'>', hardenedRuntime='0'>'> are: {
}
2026-01-12 22:57:14 +0000  Writing entitlements for <IDEDistributionItem: 0xb9bc05020; bundleID='third-party.ReactNativeDependencies', path='<DVTFilePath:0xb6609b900:'/Users/matusalenalves/Library/Developer/Xcode/Archives/2026-01-12/Vitta 12-01-26, 19.56.xcarchive/Products/Applications/Vitta.app/Frameworks/ReactNativeDependencies.framework'>', codeSigningInfo='<_DVTCodeSigningInformation_Path: 0xb9bc05140; isSigned='1', isAdHocSigned='0', signingCertificate='<DVTSigningCertificate: 0xb66bfd800; name='Apple Distribution: INSTITUTO FEDERAL DE EDUCACAO, CIENCIA E TECNOLOGIA DO PIAUI (5RZ8SQWW5T)', hash='A89458761CB9DA4803C8B968C060582D1712C8A7', serialNumber='5B3D73988BA91FE5B53855583718C71D', certificateKinds='(
    "1.2.840.113635.100.6.1.7",
    "1.2.840.113635.100.6.1.4"
), issueDate='2026-01-12 20:49:29 +0000''>', entitlements='(null)', teamID='5RZ8SQWW5T', identifier='third-party.ReactNativeDependencies', executablePath='<DVTFilePath:0xb9b7bdea0:'/Users/matusalenalves/Library/Developer/Xcode/Archives/2026-01-12/Vitta 12-01-26, 19.56.xcarchive/Products/Applications/Vitta.app/Frameworks/ReactNativeDependencies.framework/ReactNativeDependencies'>', hardenedRuntime='0'>'> to: /var/folders/81/f1bgcgd10xj7v9_3dd331md00000gn/T/XcodeDistPipeline.~~~DDZOSI/entitlements~~~IPWqct
2026-01-12 22:57:14 +0000  invoking codesign: <NSConcreteTask: 0xb9b793840; launchPath='/usr/bin/codesign', arguments='(
    "-f",
    "-s",
    A89458761CB9DA4803C8B968C060582D1712C8A7,
    "--entitlements",
    "/var/folders/81/f1bgcgd10xj7v9_3dd331md00000gn/T/XcodeDistPipeline.~~~DDZOSI/entitlements~~~IPWqct",
    "--preserve-metadata=identifier,flags,runtime,launch-constraints,library-constraints",
    "--generate-entitlement-der",
    "--strip-disallowed-xattrs",
    "-vvv",
    "/var/folders/81/f1bgcgd10xj7v9_3dd331md00000gn/T/XcodeDistPipeline.~~~DDZOSI/Root/Payload/Vitta.app/Frameworks/ReactNativeDependencies.framework"
)'>
2026-01-12 22:57:14 +0000  codesign output: /var/folders/81/f1bgcgd10xj7v9_3dd331md00000gn/T/XcodeDistPipeline.~~~DDZOSI/Root/Payload/Vitta.app/Frameworks/ReactNativeDependencies.framework: replacing existing signature
/var/folders/81/f1bgcgd10xj7v9_3dd331md00000gn/T/XcodeDistPipeline.~~~DDZOSI/Root/Payload/Vitta.app/Frameworks/ReactNativeDependencies.framework: signed bundle with Mach-O thin (arm64) [third-party.ReactNativeDependencies]
2026-01-12 22:57:14 +0000  Entitlements for <IDEDistributionItem: 0xb9bc047e0; bundleID='dev.hermesengine.iphoneos', path='<DVTFilePath:0xb9b7bee60:'/Users/matusalenalves/Library/Developer/Xcode/Archives/2026-01-12/Vitta 12-01-26, 19.56.xcarchive/Products/Applications/Vitta.app/Frameworks/hermes.framework'>', codeSigningInfo='<_DVTCodeSigningInformation_Path: 0xb9bc04840; isSigned='1', isAdHocSigned='0', signingCertificate='<DVTSigningCertificate: 0xb66bfd800; name='Apple Distribution: INSTITUTO FEDERAL DE EDUCACAO, CIENCIA E TECNOLOGIA DO PIAUI (5RZ8SQWW5T)', hash='A89458761CB9DA4803C8B968C060582D1712C8A7', serialNumber='5B3D73988BA91FE5B53855583718C71D', certificateKinds='(
    "1.2.840.113635.100.6.1.7",
    "1.2.840.113635.100.6.1.4"
), issueDate='2026-01-12 20:49:29 +0000''>', entitlements='(null)', teamID='5RZ8SQWW5T', identifier='dev.hermesengine.iphoneos', executablePath='<DVTFilePath:0xb9bc09260:'/Users/matusalenalves/Library/Developer/Xcode/Archives/2026-01-12/Vitta 12-01-26, 19.56.xcarchive/Products/Applications/Vitta.app/Frameworks/hermes.framework/hermes'>', hardenedRuntime='0'>'>: {
}
2026-01-12 22:57:14 +0000  Associated App Clip Identifiers Filter: Skipping because "com.apple.developer.associated-appclip-app-identifiers" is not present
2026-01-12 22:57:14 +0000  Entitlements for <IDEDistributionItem: 0xb9bc047e0; bundleID='dev.hermesengine.iphoneos', path='<DVTFilePath:0xb9b7bee60:'/Users/matusalenalves/Library/Developer/Xcode/Archives/2026-01-12/Vitta 12-01-26, 19.56.xcarchive/Products/Applications/Vitta.app/Frameworks/hermes.framework'>', codeSigningInfo='<_DVTCodeSigningInformation_Path: 0xb9bc04840; isSigned='1', isAdHocSigned='0', signingCertificate='<DVTSigningCertificate: 0xb66a82640; name='Apple Distribution: INSTITUTO FEDERAL DE EDUCACAO, CIENCIA E TECNOLOGIA DO PIAUI (5RZ8SQWW5T)', hash='A89458761CB9DA4803C8B968C060582D1712C8A7', serialNumber='5B3D73988BA91FE5B53855583718C71D', certificateKinds='(
    "1.2.840.113635.100.6.1.7",
    "1.2.840.113635.100.6.1.4"
), issueDate='2026-01-12 20:49:29 +0000''>', entitlements='(null)', teamID='5RZ8SQWW5T', identifier='dev.hermesengine.iphoneos', executablePath='<DVTFilePath:0xb9bc09260:'/Users/matusalenalves/Library/Developer/Xcode/Archives/2026-01-12/Vitta 12-01-26, 19.56.xcarchive/Products/Applications/Vitta.app/Frameworks/hermes.framework/hermes'>', hardenedRuntime='0'>'> are: {
}
2026-01-12 22:57:14 +0000  Writing entitlements for <IDEDistributionItem: 0xb9bc047e0; bundleID='dev.hermesengine.iphoneos', path='<DVTFilePath:0xb9b7bee60:'/Users/matusalenalves/Library/Developer/Xcode/Archives/2026-01-12/Vitta 12-01-26, 19.56.xcarchive/Products/Applications/Vitta.app/Frameworks/hermes.framework'>', codeSigningInfo='<_DVTCodeSigningInformation_Path: 0xb9bc04840; isSigned='1', isAdHocSigned='0', signingCertificate='<DVTSigningCertificate: 0xb66a82640; name='Apple Distribution: INSTITUTO FEDERAL DE EDUCACAO, CIENCIA E TECNOLOGIA DO PIAUI (5RZ8SQWW5T)', hash='A89458761CB9DA4803C8B968C060582D1712C8A7', serialNumber='5B3D73988BA91FE5B53855583718C71D', certificateKinds='(
    "1.2.840.113635.100.6.1.7",
    "1.2.840.113635.100.6.1.4"
), issueDate='2026-01-12 20:49:29 +0000''>', entitlements='(null)', teamID='5RZ8SQWW5T', identifier='dev.hermesengine.iphoneos', executablePath='<DVTFilePath:0xb9bc09260:'/Users/matusalenalves/Library/Developer/Xcode/Archives/2026-01-12/Vitta 12-01-26, 19.56.xcarchive/Products/Applications/Vitta.app/Frameworks/hermes.framework/hermes'>', hardenedRuntime='0'>'> to: /var/folders/81/f1bgcgd10xj7v9_3dd331md00000gn/T/XcodeDistPipeline.~~~DDZOSI/entitlements~~~ZS766K
2026-01-12 22:57:14 +0000  invoking codesign: <NSConcreteTask: 0xb9b793840; launchPath='/usr/bin/codesign', arguments='(
    "-f",
    "-s",
    A89458761CB9DA4803C8B968C060582D1712C8A7,
    "--entitlements",
    "/var/folders/81/f1bgcgd10xj7v9_3dd331md00000gn/T/XcodeDistPipeline.~~~DDZOSI/entitlements~~~ZS766K",
    "--preserve-metadata=identifier,flags,runtime,launch-constraints,library-constraints",
    "--generate-entitlement-der",
    "--strip-disallowed-xattrs",
    "-vvv",
    "/var/folders/81/f1bgcgd10xj7v9_3dd331md00000gn/T/XcodeDistPipeline.~~~DDZOSI/Root/Payload/Vitta.app/Frameworks/hermes.framework"
)'>
2026-01-12 22:57:14 +0000  codesign output: /var/folders/81/f1bgcgd10xj7v9_3dd331md00000gn/T/XcodeDistPipeline.~~~DDZOSI/Root/Payload/Vitta.app/Frameworks/hermes.framework: replacing existing signature
/var/folders/81/f1bgcgd10xj7v9_3dd331md00000gn/T/XcodeDistPipeline.~~~DDZOSI/Root/Payload/Vitta.app/Frameworks/hermes.framework: signed bundle with Mach-O thin (arm64) [dev.hermesengine.iphoneos]
2026-01-12 22:57:14 +0000  Entitlements for <IDEDistributionItem: 0xb9bc049c0; bundleID='com.watusalen.vitta', path='<DVTFilePath:0xb9ba190e0:'/Users/matusalenalves/Library/Developer/Xcode/Archives/2026-01-12/Vitta 12-01-26, 19.56.xcarchive/Products/Applications/Vitta.app'>', codeSigningInfo='<_DVTCodeSigningInformation_Path: 0xb9bc04ae0; isSigned='1', isAdHocSigned='0', signingCertificate='<DVTSigningCertificate: 0xb66a82640; name='Apple Distribution: INSTITUTO FEDERAL DE EDUCACAO, CIENCIA E TECNOLOGIA DO PIAUI (5RZ8SQWW5T)', hash='A89458761CB9DA4803C8B968C060582D1712C8A7', serialNumber='5B3D73988BA91FE5B53855583718C71D', certificateKinds='(
    "1.2.840.113635.100.6.1.7",
    "1.2.840.113635.100.6.1.4"
), issueDate='2026-01-12 20:49:29 +0000''>', entitlements='{
    "application-identifier" = "5RZ8SQWW5T.com.watusalen.vitta";
    "aps-environment" = production;
    "com.apple.developer.team-identifier" = 5RZ8SQWW5T;
    "get-task-allow" = 0;
}', teamID='5RZ8SQWW5T', identifier='com.watusalen.vitta', executablePath='<DVTFilePath:0xb9bc05b00:'/Users/matusalenalves/Library/Developer/Xcode/Archives/2026-01-12/Vitta 12-01-26, 19.56.xcarchive/Products/Applications/Vitta.app/Vitta'>', hardenedRuntime='0'>'>: {
    "application-identifier" = "5RZ8SQWW5T.com.watusalen.vitta";
    "aps-environment" = production;
    "com.apple.developer.team-identifier" = 5RZ8SQWW5T;
    "get-task-allow" = 0;
}
2026-01-12 22:57:14 +0000  Associated App Clip Identifiers Filter: Skipping because "com.apple.developer.associated-appclip-app-identifiers" is not present
2026-01-12 22:57:14 +0000  Entitlements for <IDEDistributionItem: 0xb9bc049c0; bundleID='com.watusalen.vitta', path='<DVTFilePath:0xb9ba190e0:'/Users/matusalenalves/Library/Developer/Xcode/Archives/2026-01-12/Vitta 12-01-26, 19.56.xcarchive/Products/Applications/Vitta.app'>', codeSigningInfo='<_DVTCodeSigningInformation_Path: 0xb9bc04ae0; isSigned='1', isAdHocSigned='0', signingCertificate='<DVTSigningCertificate: 0xb66bfd800; name='Apple Distribution: INSTITUTO FEDERAL DE EDUCACAO, CIENCIA E TECNOLOGIA DO PIAUI (5RZ8SQWW5T)', hash='A89458761CB9DA4803C8B968C060582D1712C8A7', serialNumber='5B3D73988BA91FE5B53855583718C71D', certificateKinds='(
    "1.2.840.113635.100.6.1.7",
    "1.2.840.113635.100.6.1.4"
), issueDate='2026-01-12 20:49:29 +0000''>', entitlements='{
    "application-identifier" = "5RZ8SQWW5T.com.watusalen.vitta";
    "aps-environment" = production;
    "com.apple.developer.team-identifier" = 5RZ8SQWW5T;
    "get-task-allow" = 0;
}', teamID='5RZ8SQWW5T', identifier='com.watusalen.vitta', executablePath='<DVTFilePath:0xb9bc05b00:'/Users/matusalenalves/Library/Developer/Xcode/Archives/2026-01-12/Vitta 12-01-26, 19.56.xcarchive/Products/Applications/Vitta.app/Vitta'>', hardenedRuntime='0'>'> are: {
    "application-identifier" = "5RZ8SQWW5T.com.watusalen.vitta";
    "aps-environment" = production;
    "com.apple.developer.team-identifier" = 5RZ8SQWW5T;
    "get-task-allow" = 0;
}
2026-01-12 22:57:14 +0000  Writing entitlements for <IDEDistributionItem: 0xb9bc049c0; bundleID='com.watusalen.vitta', path='<DVTFilePath:0xb9ba190e0:'/Users/matusalenalves/Library/Developer/Xcode/Archives/2026-01-12/Vitta 12-01-26, 19.56.xcarchive/Products/Applications/Vitta.app'>', codeSigningInfo='<_DVTCodeSigningInformation_Path: 0xb9bc04ae0; isSigned='1', isAdHocSigned='0', signingCertificate='<DVTSigningCertificate: 0xb66bfd800; name='Apple Distribution: INSTITUTO FEDERAL DE EDUCACAO, CIENCIA E TECNOLOGIA DO PIAUI (5RZ8SQWW5T)', hash='A89458761CB9DA4803C8B968C060582D1712C8A7', serialNumber='5B3D73988BA91FE5B53855583718C71D', certificateKinds='(
    "1.2.840.113635.100.6.1.7",
    "1.2.840.113635.100.6.1.4"
), issueDate='2026-01-12 20:49:29 +0000''>', entitlements='{
    "application-identifier" = "5RZ8SQWW5T.com.watusalen.vitta";
    "aps-environment" = production;
    "com.apple.developer.team-identifier" = 5RZ8SQWW5T;
    "get-task-allow" = 0;
}', teamID='5RZ8SQWW5T', identifier='com.watusalen.vitta', executablePath='<DVTFilePath:0xb9bc05b00:'/Users/matusalenalves/Library/Developer/Xcode/Archives/2026-01-12/Vitta 12-01-26, 19.56.xcarchive/Products/Applications/Vitta.app/Vitta'>', hardenedRuntime='0'>'> to: /var/folders/81/f1bgcgd10xj7v9_3dd331md00000gn/T/XcodeDistPipeline.~~~DDZOSI/entitlements~~~Br8CX7
2026-01-12 22:57:14 +0000  invoking codesign: <NSConcreteTask: 0xb9b793840; launchPath='/usr/bin/codesign', arguments='(
    "-f",
    "-s",
    A89458761CB9DA4803C8B968C060582D1712C8A7,
    "--entitlements",
    "/var/folders/81/f1bgcgd10xj7v9_3dd331md00000gn/T/XcodeDistPipeline.~~~DDZOSI/entitlements~~~Br8CX7",
    "--preserve-metadata=identifier,flags,runtime,launch-constraints,library-constraints",
    "--generate-entitlement-der",
    "--strip-disallowed-xattrs",
    "-vvv",
    "/var/folders/81/f1bgcgd10xj7v9_3dd331md00000gn/T/XcodeDistPipeline.~~~DDZOSI/Root/Payload/Vitta.app"
)'>
2026-01-12 22:57:14 +0000  codesign output: /var/folders/81/f1bgcgd10xj7v9_3dd331md00000gn/T/XcodeDistPipeline.~~~DDZOSI/Root/Payload/Vitta.app: replacing existing signature
/var/folders/81/f1bgcgd10xj7v9_3dd331md00000gn/T/XcodeDistPipeline.~~~DDZOSI/Root/Payload/Vitta.app: signed app bundle with Mach-O thin (arm64) [com.watusalen.vitta]
2026-01-12 22:57:14 +0000  Processing step: IDEDistributionZipODRItemStep
2026-01-12 22:57:14 +0000  Skipping step: IDEDistributionZipODRItemStep because it said so
2026-01-12 22:57:14 +0000  Skipping step: IDEDistributionZipODRItemStep because it said so
2026-01-12 22:57:14 +0000  Skipping step: IDEDistributionZipODRItemStep because it said so
2026-01-12 22:57:14 +0000  Skipping step: IDEDistributionZipODRItemStep because it said so
2026-01-12 22:57:14 +0000  Processing step: IDEDistributionCreateIPAStep
2026-01-12 22:57:14 +0000  Running /usr/bin/ditto '-V' '-c' '-k' '--norsrc' '/var/folders/81/f1bgcgd10xj7v9_3dd331md00000gn/T/XcodeDistPipeline.~~~DDZOSI/Root' '/var/folders/81/f1bgcgd10xj7v9_3dd331md00000gn/T/XcodeDistPipeline.~~~DDZOSI/Packages/Vitta.ipa'
2026-01-12 22:57:14 +0000  >>> Copying /var/folders/81/f1bgcgd10xj7v9_3dd331md00000gn/T/XcodeDistPipeline.~~~DDZOSI/Root 
2026-01-12 22:57:14 +0000  copying file ./Payload/Vitta.app/_CodeSignature/CodeResources ... 
2026-01-12 22:57:14 +0000  32637 bytes for ./Payload/Vitta.app/_CodeSignature/CodeResources
2026-01-12 22:57:14 +0000  copying file ./Payload/Vitta.app/SplashScreen.storyboardc/EXPO-VIEWCONTROLLER-1-view-EXPO-ContainerView.nib ... 
2026-01-12 22:57:14 +0000  2024 bytes for ./Payload/Vitta.app/SplashScreen.storyboardc/EXPO-VIEWCONTROLLER-1-view-EXPO-ContainerView.nib
2026-01-12 22:57:14 +0000  copying file ./Payload/Vitta.app/SplashScreen.storyboardc/SplashScreenViewController.nib ... 
2026-01-12 22:57:14 +0000  1004 bytes for ./Payload/Vitta.app/SplashScreen.storyboardc/SplashScreenViewController.nib
2026-01-12 22:57:14 +0000  copying file ./Payload/Vitta.app/SplashScreen.storyboardc/Info.plist ... 
2026-01-12 22:57:14 +0000  225 bytes for ./Payload/Vitta.app/SplashScreen.storyboardc/Info.plist
2026-01-12 22:57:14 +0000  copying file ./Payload/Vitta.app/ExpoSystemUI_privacy.bundle/PrivacyInfo.xcprivacy ... 
2026-01-12 22:57:14 +0000  607 bytes for ./Payload/Vitta.app/ExpoSystemUI_privacy.bundle/PrivacyInfo.xcprivacy
2026-01-12 22:57:14 +0000  copying file ./Payload/Vitta.app/ExpoSystemUI_privacy.bundle/Info.plist ... 
2026-01-12 22:57:14 +0000  787 bytes for ./Payload/Vitta.app/ExpoSystemUI_privacy.bundle/Info.plist
2026-01-12 22:57:14 +0000  copying file ./Payload/Vitta.app/AppIcon60x60@2x.png ... 
2026-01-12 22:57:14 +0000  5325 bytes for ./Payload/Vitta.app/AppIcon60x60@2x.png
2026-01-12 22:57:14 +0000  copying file ./Payload/Vitta.app/ExpoConstants_privacy.bundle/PrivacyInfo.xcprivacy ... 
2026-01-12 22:57:14 +0000  607 bytes for ./Payload/Vitta.app/ExpoConstants_privacy.bundle/PrivacyInfo.xcprivacy
2026-01-12 22:57:14 +0000  copying file ./Payload/Vitta.app/ExpoConstants_privacy.bundle/Info.plist ... 
2026-01-12 22:57:14 +0000  791 bytes for ./Payload/Vitta.app/ExpoConstants_privacy.bundle/Info.plist
2026-01-12 22:57:14 +0000  copying file ./Payload/Vitta.app/React-cxxreact_privacy.bundle/PrivacyInfo.xcprivacy ... 
2026-01-12 22:57:14 +0000  552 bytes for ./Payload/Vitta.app/React-cxxreact_privacy.bundle/PrivacyInfo.xcprivacy
2026-01-12 22:57:14 +0000  copying file ./Payload/Vitta.app/React-cxxreact_privacy.bundle/Info.plist ... 
2026-01-12 22:57:14 +0000  792 bytes for ./Payload/Vitta.app/React-cxxreact_privacy.bundle/Info.plist
2026-01-12 22:57:14 +0000  copying file ./Payload/Vitta.app/ExpoApplication_privacy.bundle/PrivacyInfo.xcprivacy ... 
2026-01-12 22:57:14 +0000  608 bytes for ./Payload/Vitta.app/ExpoApplication_privacy.bundle/PrivacyInfo.xcprivacy
2026-01-12 22:57:14 +0000  copying file ./Payload/Vitta.app/ExpoApplication_privacy.bundle/Info.plist ... 
2026-01-12 22:57:14 +0000  793 bytes for ./Payload/Vitta.app/ExpoApplication_privacy.bundle/Info.plist
2026-01-12 22:57:14 +0000  copying file ./Payload/Vitta.app/Assets.car ... 
2026-01-12 22:57:14 +0000  109464 bytes for ./Payload/Vitta.app/Assets.car
2026-01-12 22:57:14 +0000  copying file ./Payload/Vitta.app/Vitta ... 
2026-01-12 22:57:14 +0000  6053216 bytes for ./Payload/Vitta.app/Vitta
2026-01-12 22:57:14 +0000  copying file ./Payload/Vitta.app/AppIcon76x76@2x~ipad.png ... 
6718 bytes for ./Payload/Vitta.app/AppIcon76x76@2x~ipad.png
copying file ./Payload/Vitta.app/main.jsbundle ... 
2026-01-12 22:57:14 +0000  6428398 bytes for ./Payload/Vitta.app/main.jsbundle
2026-01-12 22:57:14 +0000  copying file ./Payload/Vitta.app/EXConstants.bundle/app.config ... 
2458 bytes for ./Payload/Vitta.app/EXConstants.bundle/app.config
copying file ./Payload/Vitta.app/EXConstants.bundle/Info.plist ... 
769 bytes for ./Payload/Vitta.app/EXConstants.bundle/Info.plist
copying file ./Payload/Vitta.app/SDWebImage.bundle/PrivacyInfo.xcprivacy ... 
599 bytes for ./Payload/Vitta.app/SDWebImage.bundle/PrivacyInfo.xcprivacy
copying file ./Payload/Vitta.app/SDWebImage.bundle/Info.plist ... 
2026-01-12 22:57:14 +0000  765 bytes for ./Payload/Vitta.app/SDWebImage.bundle/Info.plist
copying file ./Payload/Vitta.app/ExpoDevice_privacy.bundle/PrivacyInfo.xcprivacy ... 
609 bytes for ./Payload/Vitta.app/ExpoDevice_privacy.bundle/PrivacyInfo.xcprivacy
2026-01-12 22:57:14 +0000  copying file ./Payload/Vitta.app/ExpoDevice_privacy.bundle/Info.plist ... 
784 bytes for ./Payload/Vitta.app/ExpoDevice_privacy.bundle/Info.plist
2026-01-12 22:57:14 +0000  copying file ./Payload/Vitta.app/PrivacyInfo.xcprivacy ... 
1283 bytes for ./Payload/Vitta.app/PrivacyInfo.xcprivacy
2026-01-12 22:57:14 +0000  copying file ./Payload/Vitta.app/ExpoNotifications_privacy.bundle/PrivacyInfo.xcprivacy ... 
2026-01-12 22:57:14 +0000  607 bytes for ./Payload/Vitta.app/ExpoNotifications_privacy.bundle/PrivacyInfo.xcprivacy
copying file ./Payload/Vitta.app/ExpoNotifications_privacy.bundle/Info.plist ... 
2026-01-12 22:57:14 +0000  799 bytes for ./Payload/Vitta.app/ExpoNotifications_privacy.bundle/Info.plist
copying file ./Payload/Vitta.app/ExpoFileSystem_privacy.bundle/PrivacyInfo.xcprivacy ... 
2026-01-12 22:57:14 +0000  877 bytes for ./Payload/Vitta.app/ExpoFileSystem_privacy.bundle/PrivacyInfo.xcprivacy
2026-01-12 22:57:14 +0000  copying file ./Payload/Vitta.app/ExpoFileSystem_privacy.bundle/Info.plist ... 
2026-01-12 22:57:14 +0000  793 bytes for ./Payload/Vitta.app/ExpoFileSystem_privacy.bundle/Info.plist
2026-01-12 22:57:14 +0000  copying file ./Payload/Vitta.app/Frameworks/React.framework/_CodeSignature/CodeResources ... 
2026-01-12 22:57:14 +0000  1798 bytes for ./Payload/Vitta.app/Frameworks/React.framework/_CodeSignature/CodeResources
2026-01-12 22:57:14 +0000  copying file ./Payload/Vitta.app/Frameworks/React.framework/React ... 
2026-01-12 22:57:14 +0000  11306608 bytes for ./Payload/Vitta.app/Frameworks/React.framework/React
2026-01-12 22:57:14 +0000  copying file ./Payload/Vitta.app/Frameworks/React.framework/Info.plist ... 
749 bytes for ./Payload/Vitta.app/Frameworks/React.framework/Info.plist
copying file ./Payload/Vitta.app/Frameworks/ReactNativeDependencies.framework/_CodeSignature/CodeResources ... 
3548 bytes for ./Payload/Vitta.app/Frameworks/ReactNativeDependencies.framework/_CodeSignature/CodeResources
copying file ./Payload/Vitta.app/Frameworks/ReactNativeDependencies.framework/ReactNativeDependencies_folly.bundle/PrivacyInfo.xcprivacy ... 
552 bytes for ./Payload/Vitta.app/Frameworks/ReactNativeDependencies.framework/ReactNativeDependencies_folly.bundle/PrivacyInfo.xcprivacy
2026-01-12 22:57:14 +0000  copying file ./Payload/Vitta.app/Frameworks/ReactNativeDependencies.framework/ReactNativeDependencies_folly.bundle/Info.plist ... 
690 bytes for ./Payload/Vitta.app/Frameworks/ReactNativeDependencies.framework/ReactNativeDependencies_folly.bundle/Info.plist
2026-01-12 22:57:14 +0000  copying file ./Payload/Vitta.app/Frameworks/ReactNativeDependencies.framework/ReactNativeDependencies ... 
2026-01-12 22:57:14 +0000  1279936 bytes for ./Payload/Vitta.app/Frameworks/ReactNativeDependencies.framework/ReactNativeDependencies
2026-01-12 22:57:14 +0000  copying file ./Payload/Vitta.app/Frameworks/ReactNativeDependencies.framework/ReactNativeDependencies_glog.bundle/PrivacyInfo.xcprivacy ... 
2026-01-12 22:57:14 +0000  552 bytes for ./Payload/Vitta.app/Frameworks/ReactNativeDependencies.framework/ReactNativeDependencies_glog.bundle/PrivacyInfo.xcprivacy
copying file ./Payload/Vitta.app/Frameworks/ReactNativeDependencies.framework/ReactNativeDependencies_glog.bundle/Info.plist ... 
2026-01-12 22:57:14 +0000  688 bytes for ./Payload/Vitta.app/Frameworks/ReactNativeDependencies.framework/ReactNativeDependencies_glog.bundle/Info.plist
2026-01-12 22:57:14 +0000  copying file ./Payload/Vitta.app/Frameworks/ReactNativeDependencies.framework/ReactNativeDependencies_boost.bundle/PrivacyInfo.xcprivacy ... 
2026-01-12 22:57:14 +0000  776 bytes for ./Payload/Vitta.app/Frameworks/ReactNativeDependencies.framework/ReactNativeDependencies_boost.bundle/PrivacyInfo.xcprivacy
copying file ./Payload/Vitta.app/Frameworks/ReactNativeDependencies.framework/ReactNativeDependencies_boost.bundle/Info.plist ... 
2026-01-12 22:57:14 +0000  690 bytes for ./Payload/Vitta.app/Frameworks/ReactNativeDependencies.framework/ReactNativeDependencies_boost.bundle/Info.plist
2026-01-12 22:57:14 +0000  copying file ./Payload/Vitta.app/Frameworks/ReactNativeDependencies.framework/Info.plist ... 
2026-01-12 22:57:14 +0000  782 bytes for ./Payload/Vitta.app/Frameworks/ReactNativeDependencies.framework/Info.plist
2026-01-12 22:57:14 +0000  copying file ./Payload/Vitta.app/Frameworks/hermes.framework/_CodeSignature/CodeResources ... 
2026-01-12 22:57:14 +0000  1798 bytes for ./Payload/Vitta.app/Frameworks/hermes.framework/_CodeSignature/CodeResources
2026-01-12 22:57:14 +0000  copying file ./Payload/Vitta.app/Frameworks/hermes.framework/hermes ... 
2026-01-12 22:57:14 +0000  4728112 bytes for ./Payload/Vitta.app/Frameworks/hermes.framework/hermes
2026-01-12 22:57:14 +0000  copying file ./Payload/Vitta.app/Frameworks/hermes.framework/Info.plist ... 
859 bytes for ./Payload/Vitta.app/Frameworks/hermes.framework/Info.plist
copying file ./Payload/Vitta.app/embedded.mobileprovision ... 
2026-01-12 22:57:14 +0000  19421 bytes for ./Payload/Vitta.app/embedded.mobileprovision
2026-01-12 22:57:14 +0000  copying file ./Payload/Vitta.app/assets/node_modules/@react-navigation/elements/lib/module/assets/back-icon@3x.png ... 
2026-01-12 22:57:14 +0000  761 bytes for ./Payload/Vitta.app/assets/node_modules/@react-navigation/elements/lib/module/assets/back-icon@3x.png
2026-01-12 22:57:14 +0000  copying file ./Payload/Vitta.app/assets/node_modules/@react-navigation/elements/lib/module/assets/back-icon@2x.png ... 
2026-01-12 22:57:14 +0000  405 bytes for ./Payload/Vitta.app/assets/node_modules/@react-navigation/elements/lib/module/assets/back-icon@2x.png
2026-01-12 22:57:14 +0000  copying file ./Payload/Vitta.app/assets/node_modules/@react-navigation/elements/lib/module/assets/search-icon@2x.png ... 
2026-01-12 22:57:14 +0000  589 bytes for ./Payload/Vitta.app/assets/node_modules/@react-navigation/elements/lib/module/assets/search-icon@2x.png
2026-01-12 22:57:14 +0000  copying file ./Payload/Vitta.app/assets/node_modules/@react-navigation/elements/lib/module/assets/clear-icon@3x.png ... 
2026-01-12 22:57:14 +0000  502 bytes for ./Payload/Vitta.app/assets/node_modules/@react-navigation/elements/lib/module/assets/clear-icon@3x.png
2026-01-12 22:57:14 +0000  copying file ./Payload/Vitta.app/assets/node_modules/@react-navigation/elements/lib/module/assets/back-icon.png ... 
2026-01-12 22:57:14 +0000  290 bytes for ./Payload/Vitta.app/assets/node_modules/@react-navigation/elements/lib/module/assets/back-icon.png
2026-01-12 22:57:14 +0000  copying file ./Payload/Vitta.app/assets/node_modules/@react-navigation/elements/lib/module/assets/clear-icon@2x.png ... 
2026-01-12 22:57:14 +0000  334 bytes for ./Payload/Vitta.app/assets/node_modules/@react-navigation/elements/lib/module/assets/clear-icon@2x.png
2026-01-12 22:57:14 +0000  copying file ./Payload/Vitta.app/assets/node_modules/@react-navigation/elements/lib/module/assets/search-icon@3x.png ... 
2026-01-12 22:57:14 +0000  839 bytes for ./Payload/Vitta.app/assets/node_modules/@react-navigation/elements/lib/module/assets/search-icon@3x.png
2026-01-12 22:57:14 +0000  copying file ./Payload/Vitta.app/assets/node_modules/@react-navigation/elements/lib/module/assets/close-icon.png ... 
2026-01-12 22:57:14 +0000  141 bytes for ./Payload/Vitta.app/assets/node_modules/@react-navigation/elements/lib/module/assets/close-icon.png
2026-01-12 22:57:14 +0000  copying file ./Payload/Vitta.app/assets/node_modules/@react-navigation/elements/lib/module/assets/back-icon-mask.png ... 
2026-01-12 22:57:14 +0000  653 bytes for ./Payload/Vitta.app/assets/node_modules/@react-navigation/elements/lib/module/assets/back-icon-mask.png
2026-01-12 22:57:14 +0000  copying file ./Payload/Vitta.app/assets/node_modules/@react-navigation/elements/lib/module/assets/close-icon@2x.png ... 
2026-01-12 22:57:14 +0000  201 bytes for ./Payload/Vitta.app/assets/node_modules/@react-navigation/elements/lib/module/assets/close-icon@2x.png
copying file ./Payload/Vitta.app/assets/node_modules/@react-navigation/elements/lib/module/assets/close-icon@3x.png ... 
2026-01-12 22:57:14 +0000  266 bytes for ./Payload/Vitta.app/assets/node_modules/@react-navigation/elements/lib/module/assets/close-icon@3x.png
2026-01-12 22:57:14 +0000  copying file ./Payload/Vitta.app/assets/node_modules/@react-navigation/elements/lib/module/assets/clear-icon.png ... 
2026-01-12 22:57:14 +0000  220 bytes for ./Payload/Vitta.app/assets/node_modules/@react-navigation/elements/lib/module/assets/clear-icon.png
2026-01-12 22:57:14 +0000  copying file ./Payload/Vitta.app/assets/node_modules/@react-navigation/elements/lib/module/assets/search-icon.png ... 
2026-01-12 22:57:14 +0000  317 bytes for ./Payload/Vitta.app/assets/node_modules/@react-navigation/elements/lib/module/assets/search-icon.png
2026-01-12 22:57:14 +0000  copying file ./Payload/Vitta.app/assets/node_modules/@expo/vector-icons/build/vendor/react-native-vector-icons/Fonts/Fontisto.ttf ... 
2026-01-12 22:57:14 +0000  313528 bytes for ./Payload/Vitta.app/assets/node_modules/@expo/vector-icons/build/vendor/react-native-vector-icons/Fonts/Fontisto.ttf
2026-01-12 22:57:14 +0000  copying file ./Payload/Vitta.app/assets/node_modules/@expo/vector-icons/build/vendor/react-native-vector-icons/Fonts/Octicons.ttf ... 
2026-01-12 22:57:14 +0000  69436 bytes for ./Payload/Vitta.app/assets/node_modules/@expo/vector-icons/build/vendor/react-native-vector-icons/Fonts/Octicons.ttf
2026-01-12 22:57:14 +0000  copying file ./Payload/Vitta.app/assets/node_modules/@expo/vector-icons/build/vendor/react-native-vector-icons/Fonts/Feather.ttf ... 
2026-01-12 22:57:14 +0000  55596 bytes for ./Payload/Vitta.app/assets/node_modules/@expo/vector-icons/build/vendor/react-native-vector-icons/Fonts/Feather.ttf
2026-01-12 22:57:14 +0000  copying file ./Payload/Vitta.app/assets/node_modules/@expo/vector-icons/build/vendor/react-native-vector-icons/Fonts/FontAwesome6_Regular.ttf ... 
2026-01-12 22:57:14 +0000  67976 bytes for ./Payload/Vitta.app/assets/node_modules/@expo/vector-icons/build/vendor/react-native-vector-icons/Fonts/FontAwesome6_Regular.ttf
2026-01-12 22:57:14 +0000  copying file ./Payload/Vitta.app/assets/node_modules/@expo/vector-icons/build/vendor/react-native-vector-icons/Fonts/Entypo.ttf ... 
2026-01-12 22:57:14 +0000  66200 bytes for ./Payload/Vitta.app/assets/node_modules/@expo/vector-icons/build/vendor/react-native-vector-icons/Fonts/Entypo.ttf
2026-01-12 22:57:14 +0000  copying file ./Payload/Vitta.app/assets/node_modules/@expo/vector-icons/build/vendor/react-native-vector-icons/Fonts/FontAwesome5_Brands.ttf ... 
2026-01-12 22:57:14 +0000  134040 bytes for ./Payload/Vitta.app/assets/node_modules/@expo/vector-icons/build/vendor/react-native-vector-icons/Fonts/FontAwesome5_Brands.ttf
2026-01-12 22:57:14 +0000  copying file ./Payload/Vitta.app/assets/node_modules/@expo/vector-icons/build/vendor/react-native-vector-icons/Fonts/MaterialCommunityIcons.ttf ... 
2026-01-12 22:57:14 +0000  1307660 bytes for ./Payload/Vitta.app/assets/node_modules/@expo/vector-icons/build/vendor/react-native-vector-icons/Fonts/MaterialCommunityIcons.ttf
2026-01-12 22:57:14 +0000  copying file ./Payload/Vitta.app/assets/node_modules/@expo/vector-icons/build/vendor/react-native-vector-icons/Fonts/AntDesign.ttf ... 
2026-01-12 22:57:14 +0000  130484 bytes for ./Payload/Vitta.app/assets/node_modules/@expo/vector-icons/build/vendor/react-native-vector-icons/Fonts/AntDesign.ttf
2026-01-12 22:57:14 +0000  copying file ./Payload/Vitta.app/assets/node_modules/@expo/vector-icons/build/vendor/react-native-vector-icons/Fonts/Foundation.ttf ... 
2026-01-12 22:57:14 +0000  56976 bytes for ./Payload/Vitta.app/assets/node_modules/@expo/vector-icons/build/vendor/react-native-vector-icons/Fonts/Foundation.ttf
2026-01-12 22:57:14 +0000  copying file ./Payload/Vitta.app/assets/node_modules/@expo/vector-icons/build/vendor/react-native-vector-icons/Fonts/Ionicons.ttf ... 
2026-01-12 22:57:14 +0000  389724 bytes for ./Payload/Vitta.app/assets/node_modules/@expo/vector-icons/build/vendor/react-native-vector-icons/Fonts/Ionicons.ttf
2026-01-12 22:57:14 +0000  copying file ./Payload/Vitta.app/assets/node_modules/@expo/vector-icons/build/vendor/react-native-vector-icons/Fonts/FontAwesome5_Solid.ttf ... 
2026-01-12 22:57:14 +0000  202744 bytes for ./Payload/Vitta.app/assets/node_modules/@expo/vector-icons/build/vendor/react-native-vector-icons/Fonts/FontAwesome5_Solid.ttf
2026-01-12 22:57:14 +0000  copying file ./Payload/Vitta.app/assets/node_modules/@expo/vector-icons/build/vendor/react-native-vector-icons/Fonts/FontAwesome5_Regular.ttf ... 
2026-01-12 22:57:14 +0000  33736 bytes for ./Payload/Vitta.app/assets/node_modules/@expo/vector-icons/build/vendor/react-native-vector-icons/Fonts/FontAwesome5_Regular.ttf
2026-01-12 22:57:14 +0000  copying file ./Payload/Vitta.app/assets/node_modules/@expo/vector-icons/build/vendor/react-native-vector-icons/Fonts/FontAwesome.ttf ... 
2026-01-12 22:57:14 +0000  165548 bytes for ./Payload/Vitta.app/assets/node_modules/@expo/vector-icons/build/vendor/react-native-vector-icons/Fonts/FontAwesome.ttf
2026-01-12 22:57:14 +0000  copying file ./Payload/Vitta.app/assets/node_modules/@expo/vector-icons/build/vendor/react-native-vector-icons/Fonts/Zocial.ttf ... 
2026-01-12 22:57:14 +0000  25788 bytes for ./Payload/Vitta.app/assets/node_modules/@expo/vector-icons/build/vendor/react-native-vector-icons/Fonts/Zocial.ttf
2026-01-12 22:57:14 +0000  copying file ./Payload/Vitta.app/assets/node_modules/@expo/vector-icons/build/vendor/react-native-vector-icons/Fonts/EvilIcons.ttf ... 
2026-01-12 22:57:14 +0000  13456 bytes for ./Payload/Vitta.app/assets/node_modules/@expo/vector-icons/build/vendor/react-native-vector-icons/Fonts/EvilIcons.ttf
2026-01-12 22:57:14 +0000  copying file ./Payload/Vitta.app/assets/node_modules/@expo/vector-icons/build/vendor/react-native-vector-icons/Fonts/FontAwesome6_Solid.ttf ... 
2026-01-12 22:57:14 +0000  423676 bytes for ./Payload/Vitta.app/assets/node_modules/@expo/vector-icons/build/vendor/react-native-vector-icons/Fonts/FontAwesome6_Solid.ttf
2026-01-12 22:57:14 +0000  copying file ./Payload/Vitta.app/assets/node_modules/@expo/vector-icons/build/vendor/react-native-vector-icons/Fonts/SimpleLineIcons.ttf ... 
2026-01-12 22:57:14 +0000  54056 bytes for ./Payload/Vitta.app/assets/node_modules/@expo/vector-icons/build/vendor/react-native-vector-icons/Fonts/SimpleLineIcons.ttf
2026-01-12 22:57:14 +0000  copying file ./Payload/Vitta.app/assets/node_modules/@expo/vector-icons/build/vendor/react-native-vector-icons/Fonts/FontAwesome6_Brands.ttf ... 
2026-01-12 22:57:14 +0000  209376 bytes for ./Payload/Vitta.app/assets/node_modules/@expo/vector-icons/build/vendor/react-native-vector-icons/Fonts/FontAwesome6_Brands.ttf
2026-01-12 22:57:14 +0000  copying file ./Payload/Vitta.app/assets/node_modules/@expo/vector-icons/build/vendor/react-native-vector-icons/Fonts/MaterialIcons.ttf ... 
2026-01-12 22:57:14 +0000  356840 bytes for ./Payload/Vitta.app/assets/node_modules/@expo/vector-icons/build/vendor/react-native-vector-icons/Fonts/MaterialIcons.ttf
2026-01-12 22:57:14 +0000  copying file ./Payload/Vitta.app/assets/node_modules/expo-router/assets/pkg.png ... 
2026-01-12 22:57:14 +0000  364 bytes for ./Payload/Vitta.app/assets/node_modules/expo-router/assets/pkg.png
2026-01-12 22:57:14 +0000  copying file ./Payload/Vitta.app/assets/node_modules/expo-router/assets/unmatched.png ... 
2026-01-12 22:57:14 +0000  4752 bytes for ./Payload/Vitta.app/assets/node_modules/expo-router/assets/unmatched.png
2026-01-12 22:57:14 +0000  copying file ./Payload/Vitta.app/assets/node_modules/expo-router/assets/file.png ... 
2026-01-12 22:57:14 +0000  138 bytes for ./Payload/Vitta.app/assets/node_modules/expo-router/assets/file.png
2026-01-12 22:57:14 +0000  copying file ./Payload/Vitta.app/assets/node_modules/expo-router/assets/forward.png ... 
2026-01-12 22:57:14 +0000  188 bytes for ./Payload/Vitta.app/assets/node_modules/expo-router/assets/forward.png
2026-01-12 22:57:14 +0000  copying file ./Payload/Vitta.app/assets/node_modules/expo-router/assets/error.png ... 
2026-01-12 22:57:14 +0000  469 bytes for ./Payload/Vitta.app/assets/node_modules/expo-router/assets/error.png
2026-01-12 22:57:14 +0000  copying file ./Payload/Vitta.app/assets/node_modules/expo-router/assets/sitemap.png ... 
2026-01-12 22:57:14 +0000  465 bytes for ./Payload/Vitta.app/assets/node_modules/expo-router/assets/sitemap.png
2026-01-12 22:57:14 +0000  copying file ./Payload/Vitta.app/assets/node_modules/expo-router/assets/arrow_down.png ... 
2026-01-12 22:57:14 +0000  9456 bytes for ./Payload/Vitta.app/assets/node_modules/expo-router/assets/arrow_down.png
2026-01-12 22:57:14 +0000  copying file ./Payload/Vitta.app/assets/node_modules/react-native-calendars/src/calendar/img/previous@2x.png ... 
2026-01-12 22:57:14 +0000  458 bytes for ./Payload/Vitta.app/assets/node_modules/react-native-calendars/src/calendar/img/previous@2x.png
2026-01-12 22:57:14 +0000  copying file ./Payload/Vitta.app/assets/node_modules/react-native-calendars/src/calendar/img/next@2x.png ... 
2026-01-12 22:57:14 +0000  462 bytes for ./Payload/Vitta.app/assets/node_modules/react-native-calendars/src/calendar/img/next@2x.png
2026-01-12 22:57:14 +0000  copying file ./Payload/Vitta.app/assets/node_modules/react-native-calendars/src/img/down@3x.png ... 
2026-01-12 22:57:14 +0000  508 bytes for ./Payload/Vitta.app/assets/node_modules/react-native-calendars/src/img/down@3x.png
2026-01-12 22:57:14 +0000  copying file ./Payload/Vitta.app/assets/node_modules/react-native-calendars/src/img/down@2x.png ... 
2026-01-12 22:57:14 +0000  354 bytes for ./Payload/Vitta.app/assets/node_modules/react-native-calendars/src/img/down@2x.png
2026-01-12 22:57:14 +0000  copying file ./Payload/Vitta.app/assets/node_modules/react-native-calendars/src/img/up.png ... 
2026-01-12 22:57:14 +0000  215 bytes for ./Payload/Vitta.app/assets/node_modules/react-native-calendars/src/img/up.png
2026-01-12 22:57:14 +0000  copying file ./Payload/Vitta.app/assets/node_modules/react-native-calendars/src/img/down.png ... 
2026-01-12 22:57:14 +0000  208 bytes for ./Payload/Vitta.app/assets/node_modules/react-native-calendars/src/img/down.png
2026-01-12 22:57:14 +0000  copying file ./Payload/Vitta.app/assets/node_modules/react-native-calendars/src/img/up@2x.png ... 
2026-01-12 22:57:14 +0000  347 bytes for ./Payload/Vitta.app/assets/node_modules/react-native-calendars/src/img/up@2x.png
2026-01-12 22:57:14 +0000  copying file ./Payload/Vitta.app/assets/node_modules/react-native-calendars/src/img/up@3x.png ... 
2026-01-12 22:57:14 +0000  504 bytes for ./Payload/Vitta.app/assets/node_modules/react-native-calendars/src/img/up@3x.png
2026-01-12 22:57:14 +0000  copying file ./Payload/Vitta.app/assets/src/view/assets/images/image.png ... 
2026-01-12 22:57:14 +0000  33013 bytes for ./Payload/Vitta.app/assets/src/view/assets/images/image.png
2026-01-12 22:57:14 +0000  copying file ./Payload/Vitta.app/assets/src/view/assets/fonts/helveticaneue-medium.ttf ... 
2026-01-12 22:57:14 +0000  254728 bytes for ./Payload/Vitta.app/assets/src/view/assets/fonts/helveticaneue-medium.ttf
2026-01-12 22:57:14 +0000  copying file ./Payload/Vitta.app/assets/src/view/assets/fonts/helveticaneue.ttf ... 
2026-01-12 22:57:14 +0000  568856 bytes for ./Payload/Vitta.app/assets/src/view/assets/fonts/helveticaneue.ttf
2026-01-12 22:57:14 +0000  copying file ./Payload/Vitta.app/assets/src/view/assets/fonts/helveticaneue-bold.ttf ... 
2026-01-12 22:57:14 +0000  525056 bytes for ./Payload/Vitta.app/assets/src/view/assets/fonts/helveticaneue-bold.ttf
2026-01-12 22:57:14 +0000  copying file ./Payload/Vitta.app/Info.plist ... 
2026-01-12 22:57:14 +0000  2266 bytes for ./Payload/Vitta.app/Info.plist
2026-01-12 22:57:14 +0000  copying file ./Payload/Vitta.app/Expo.plist ... 
2026-01-12 22:57:14 +0000  132 bytes for ./Payload/Vitta.app/Expo.plist
2026-01-12 22:57:14 +0000  copying file ./Payload/Vitta.app/RNCAsyncStorage_resources.bundle/PrivacyInfo.xcprivacy ... 
2026-01-12 22:57:14 +0000  512 bytes for ./Payload/Vitta.app/RNCAsyncStorage_resources.bundle/PrivacyInfo.xcprivacy
2026-01-12 22:57:14 +0000  copying file ./Payload/Vitta.app/RNCAsyncStorage_resources.bundle/Info.plist ... 
2026-01-12 22:57:14 +0000  797 bytes for ./Payload/Vitta.app/RNCAsyncStorage_resources.bundle/Info.plist
2026-01-12 22:57:14 +0000  copying file ./Payload/Vitta.app/PkgInfo ... 
2026-01-12 22:57:14 +0000  8 bytes for ./Payload/Vitta.app/PkgInfo
2026-01-12 22:57:14 +0000  copying file ./Payload/Vitta.app/React-Core_privacy.bundle/PrivacyInfo.xcprivacy ... 
2026-01-12 22:57:14 +0000  768 bytes for ./Payload/Vitta.app/React-Core_privacy.bundle/PrivacyInfo.xcprivacy
2026-01-12 22:57:14 +0000  copying file ./Payload/Vitta.app/React-Core_privacy.bundle/Info.plist ... 
2026-01-12 22:57:14 +0000  784 bytes for ./Payload/Vitta.app/React-Core_privacy.bundle/Info.plist
2026-01-12 22:57:14 +0000  /usr/bin/ditto exited with 0
2026-01-12 22:57:14 +0000  Processing step: IDEDistributionAppStoreInformationStep
2026-01-12 22:57:14 +0000  Skipping step: IDEDistributionAppStoreInformationStep because it said so
2026-01-12 22:57:14 +0000  Processing step: IDEDistributionGenerateProcessedDistributionItems
2026-01-12 22:57:14 +0000  IDEDistributionItem init <DVTFilePath:0xb8c235580:'/var/folders/81/f1bgcgd10xj7v9_3dd331md00000gn/T/XcodeDistPipeline.~~~DDZOSI/Root/Payload/Vitta.app/Frameworks/ReactNativeDependencies.framework'>
2026-01-12 22:57:14 +0000  IDEDistributionItem init <DVTFilePath:0xb992d88c0:'/var/folders/81/f1bgcgd10xj7v9_3dd331md00000gn/T/XcodeDistPipeline.~~~DDZOSI/Root/Payload/Vitta.app/Frameworks/hermes.framework'>
2026-01-12 22:57:14 +0000  IDEDistributionItem init <DVTFilePath:0xb9bc06ca0:'/var/folders/81/f1bgcgd10xj7v9_3dd331md00000gn/T/XcodeDistPipeline.~~~DDZOSI/Root/Payload/Vitta.app/Frameworks/React.framework'>
2026-01-12 22:57:14 +0000  IDEDistributionItem init <DVTFilePath:0xb9bc062e0:'/var/folders/81/f1bgcgd10xj7v9_3dd331md00000gn/T/XcodeDistPipeline.~~~DDZOSI/Root/Payload/Vitta.app'>
2026-01-12 22:57:14 +0000  Processing step: IDEDistributionCreateManifestStep
